Log file open, 06/06/21 19:49:54
LogWindows: Failed to load 'aqProf.dll' (GetLastError=126)
LogWindows: File 'aqProf.dll' does not exist
LogWindows: Failed to load 'VtuneApi.dll' (GetLastError=126)
LogWindows: File 'VtuneApi.dll' does not exist
LogWindows: Failed to load 'VtuneApi32e.dll' (GetLastError=126)
LogWindows: File 'VtuneApi32e.dll' does not exist
LogConsoleResponse: Display: Failed to find resolution value strings in scalability ini. Falling back to default.
LogInit: Display: Running engine for game: BuildingEscape
LogPakFile: Registered encryption key '00000000000000000000000000000000': 0 pak files mounted, 0 remain pending
LogPlatformFile: Not using cached read wrapper
LogTaskGraph: Started task graph with 5 named threads and 23 total threads with 3 sets of task threads.
LogStats: Stats thread started at 0.377159
LogD3D11RHI: Loaded GFSDK_Aftermath_Lib.x64.dll
LogICUInternationalization: ICU TimeZone Detection - Raw Offset: +1:00, Platform Override: ''
LogPluginManager: Mounting plugin Paper2D
LogPluginManager: Mounting plugin AISupport
LogPluginManager: Mounting plugin LightPropagationVolume
LogPluginManager: Mounting plugin ActorLayerUtilities
LogPluginManager: Mounting plugin AnimationSharing
LogPluginManager: Mounting plugin CLionSourceCodeAccess
LogPluginManager: Mounting plugin CodeLiteSourceCodeAccess
LogPluginManager: Mounting plugin GitSourceControl
LogPluginManager: Mounting plugin KDevelopSourceCodeAccess
LogPluginManager: Mounting plugin NullSourceCodeAccess
LogPluginManager: Mounting plugin PerforceSourceControl
LogPluginManager: Mounting plugin SubversionSourceControl
LogPluginManager: Mounting plugin UObjectPlugin
LogPluginManager: Mounting plugin VisualStudioCodeSourceCodeAccess
LogPluginManager: Mounting plugin VisualStudioSourceCodeAccess
LogPluginManager: Mounting plugin XCodeSourceCodeAccess
LogPluginManager: Mounting plugin AssetManagerEditor
LogPluginManager: Mounting plugin CryptoKeys
LogPluginManager: Mounting plugin DataValidation
LogPluginManager: Mounting plugin FacialAnimation
LogPluginManager: Mounting plugin GameplayTagsEditor
LogPluginManager: Mounting plugin MacGraphicsSwitching
LogPluginManager: Mounting plugin MaterialAnalyzer
LogPluginManager: Mounting plugin MobileLauncherProfileWizard
LogPluginManager: Mounting plugin PluginBrowser
LogPluginManager: Mounting plugin SpeedTreeImporter
LogPluginManager: Mounting plugin DatasmithContent
LogPluginManager: Mounting plugin VariantManagerContent
LogPluginManager: Mounting plugin AlembicImporter
LogPluginManager: Mounting plugin AppleImageUtils
LogPluginManager: Mounting plugin AppleVision
LogPluginManager: Mounting plugin BackChannel
LogPluginManager: Mounting plugin CharacterAI
LogPluginManager: Mounting plugin GeometryCache
LogPluginManager: Mounting plugin HTML5Networking
LogPluginManager: Mounting plugin ProxyLODPlugin
LogPluginManager: Mounting plugin SkeletalReduction
LogPluginManager: Mounting plugin MagicLeap
LogPluginManager: Mounting plugin MagicLeapMedia
LogPluginManager: Mounting plugin AndroidMedia
LogPluginManager: Mounting plugin AvfMedia
LogPluginManager: Mounting plugin ImgMedia
LogPluginManager: Mounting plugin LinearTimecode
LogPluginManager: Mounting plugin MediaCompositing
LogPluginManager: Mounting plugin MediaPlayerEditor
LogPluginManager: Mounting plugin WebMMedia
LogPluginManager: Mounting plugin WmfMedia
LogPluginManager: Mounting plugin TcpMessaging
LogPluginManager: Mounting plugin UdpMessaging
LogPluginManager: Mounting plugin ActorSequence
LogPluginManager: Mounting plugin LevelSequenceEditor
LogPluginManager: Mounting plugin MatineeToLevelSequence
LogPluginManager: Mounting plugin NetcodeUnitTest
LogPluginManager: Mounting plugin NUTUnrealEngine4
LogPluginManager: Mounting plugin OnlineSubsystemGooglePlay
LogPluginManager: Mounting plugin OnlineSubsystemIOS
LogPluginManager: Mounting plugin OnlineSubsystem
LogPluginManager: Mounting plugin OnlineSubsystemNull
LogPluginManager: Mounting plugin OnlineSubsystemUtils
LogPluginManager: Mounting plugin LauncherChunkInstaller
LogPluginManager: Mounting plugin AndroidDeviceProfileSelector
LogPluginManager: Mounting plugin AndroidMoviePlayer
LogPluginManager: Mounting plugin AndroidPermission
LogPluginManager: Mounting plugin AppleMoviePlayer
LogPluginManager: Mounting plugin ArchVisCharacter
LogPluginManager: Mounting plugin AudioCapture
LogPluginManager: Mounting plugin CableComponent
LogPluginManager: Mounting plugin CustomMeshComponent
LogPluginManager: Mounting plugin EditableMesh
LogPluginManager: Mounting plugin ExampleDeviceProfileSelector
LogPluginManager: Mounting plugin Firebase
LogPluginManager: Mounting plugin GoogleCloudMessaging
LogPluginManager: Mounting plugin IOSDeviceProfileSelector
LogPluginManager: Mounting plugin LinuxDeviceProfileSelector
LogPluginManager: Mounting plugin LocationServicesBPLibrary
LogPluginManager: Mounting plugin MobilePatchingUtils
LogPluginManager: Mounting plugin OculusVR
LogPluginManager: Mounting plugin PhysXVehicles
LogPluginManager: Mounting plugin ProceduralMeshComponent
LogPluginManager: Mounting plugin RuntimePhysXCooking
LogPluginManager: Mounting plugin SignificanceManager
LogPluginManager: Mounting plugin SteamVR
LogPluginManager: Mounting plugin WebMMoviePlayer
LogPluginManager: Mounting plugin WindowsMoviePlayer
LogInit: Using libcurl 7.55.1-DEV
LogInit:  - built for x86_64-pc-win32
LogInit:  - supports SSL with OpenSSL/1.1.1
LogInit:  - supports HTTP deflate (compression) using libz 1.2.8
LogInit:  - other features:
LogInit:      CURL_VERSION_SSL
LogInit:      CURL_VERSION_LIBZ
LogInit:      CURL_VERSION_IPV6
LogInit:      CURL_VERSION_ASYNCHDNS
LogInit:      CURL_VERSION_LARGEFILE
LogInit:      CURL_VERSION_IDN
LogInit:  CurlRequestOptions (configurable via config and command line):
LogInit:  - bVerifyPeer = true  - Libcurl will verify peer certificate
LogInit:  - bUseHttpProxy = false  - Libcurl will NOT use HTTP proxy
LogInit:  - bDontReuseConnections = false  - Libcurl will reuse connections
LogInit:  - MaxHostConnections = 16  - Libcurl will limit the number of connections to a host
LogInit:  - LocalHostAddr = Default
LogInit:  - BufferSize = 65536
LogInit: WinSock: version 1.1 (2.2), MaxSocks=32767, MaxUdp=65467
LogInit: Build: ++UE4+Release-4.22-CL-7053642
LogInit: Engine Version: 4.22.3-7053642+++UE4+Release-4.22
LogInit: Compatible Engine Version: 4.22.0-5660361+++UE4+Release-4.22
LogInit: Net CL: 5660361
LogInit: OS: Windows 10 (Release 2009) (), CPU: Intel(R) Core(TM) i7-7700HQ CPU @ 2.80GHz, GPU: Intel(R) HD Graphics 630
LogInit: Compiled (64-bit): Jun 18 2019 03:09:11
LogInit: Compiled with Visual C++: 19.16.27025.01
LogInit: Build Configuration: Development
LogInit: Branch Name: ++UE4+Release-4.22
LogInit: Command Line: 
LogInit: Base Directory: D:/Program Files/Epic Games/Games/UE_4.22/Engine/Binaries/Win64/
LogInit: Installed Engine Build: 1
LogDevObjectVersion: Number of dev versions registered: 23
LogDevObjectVersion:   Dev-Blueprints (B0D832E4-1F89-4F0D-ACCF-7EB736FD4AA2): 10
LogDevObjectVersion:   Dev-Build (E1C64328-A22C-4D53-A36C-8E866417BD8C): 0
LogDevObjectVersion:   Dev-Core (375EC13C-06E4-48FB-B500-84F0262A717E): 3
LogDevObjectVersion:   Dev-Editor (E4B068ED-F494-42E9-A231-DA0B2E46BB41): 30
LogDevObjectVersion:   Dev-Framework (CFFC743F-43B0-4480-9391-14DF171D2073): 35
LogDevObjectVersion:   Dev-Mobile (B02B49B5-BB20-44E9-A304-32B752E40360): 2
LogDevObjectVersion:   Dev-Networking (A4E4105C-59A1-49B5-A7C5-40C4547EDFEE): 0
LogDevObjectVersion:   Dev-Online (39C831C9-5AE6-47DC-9A44-9C173E1C8E7C): 0
LogDevObjectVersion:   Dev-Physics (78F01B33-EBEA-4F98-B9B4-84EACCB95AA2): 0
LogDevObjectVersion:   Dev-Platform (6631380F-2D4D-43E0-8009-CF276956A95A): 0
LogDevObjectVersion:   Dev-Rendering (12F88B9F-8875-4AFC-A67C-D90C383ABD29): 28
LogDevObjectVersion:   Dev-Sequencer (7B5AE74C-D270-4C10-A958-57980B212A5A): 11
LogDevObjectVersion:   Dev-VR (D7296918-1DD6-4BDD-9DE2-64A83CC13884): 2
LogDevObjectVersion:   Dev-LoadTimes (C2A15278-BFE7-4AFE-6C17-90FF531DF755): 1
LogDevObjectVersion:   Private-Geometry (6EACA3D4-40EC-4CC1-B786-8BED09428FC5): 3
LogDevObjectVersion:   Dev-AnimPhys (29E575DD-E0A3-4627-9D10-D276232CDCEA): 17
LogDevObjectVersion:   Dev-Anim (AF43A65D-7FD3-4947-9873-3E8ED9C1BB05): 2
LogDevObjectVersion:   Dev-ReflectionCapture (6B266CEC-1EC7-4B8F-A30B-E4D90942FC07): 1
LogDevObjectVersion:   Dev-Automation (0DF73D61-A23F-47EA-B727-89E90C41499A): 1
LogDevObjectVersion:   FortniteMain (601D1886-AC64-4F84-AA16-D3DE0DEAC7D6): 25
LogDevObjectVersion:   Dev-Enterprise (9DFFBCD6-494F-0158-E221-12823C92A888): 6
LogDevObjectVersion:   Dev-Niagara (F2AED0AC-9AFE-416F-8664-AA7FFA26D6FC): 1
LogDevObjectVersion:   Dev-Destruction (174F1F0B-B4C6-45A5-B13F-2EE8D0FB917D): 2
LogInit: Presizing for max 16777216 objects, including 0 objects not considered by GC, pre-allocating 0 bytes for permanent pool.
LogInit: Object subsystem initialized
LogConfig: Setting CVar [[con.DebugEarlyDefault:1]]
LogConfig: Setting CVar [[r.setres:1280x720]]
[2021.06.06-17.49.54:949][  0]LogConfig: Setting CVar [[r.VSync:0]]
[2021.06.06-17.49.54:950][  0]LogConfig: Setting CVar [[r.RHICmdBypass:0]]
[2021.06.06-17.49.54:950][  0]LogConfig: Applying CVar settings from Section [/Script/Engine.RendererSettings] File [D:/Github/SmallEscapeRoom/SmallEscapeRoom/SmallEscape/Saved/Config/Windows/Engine.ini]
[2021.06.06-17.49.54:950][  0]LogConfig: Setting CVar [[r.GPUCrashDebugging:0]]
[2021.06.06-17.49.54:950][  0]LogConfig: Setting CVar [[r.DefaultFeature.AutoExposure.ExtendDefaultLuminanceRange:1]]
[2021.06.06-17.49.54:950][  0]LogConfig: Applying CVar settings from Section [/Script/Engine.RendererOverrideSettings] File [D:/Github/SmallEscapeRoom/SmallEscapeRoom/SmallEscape/Saved/Config/Windows/Engine.ini]
[2021.06.06-17.49.54:950][  0]LogConfig: Applying CVar settings from Section [/Script/Engine.StreamingSettings] File [D:/Github/SmallEscapeRoom/SmallEscapeRoom/SmallEscape/Saved/Config/Windows/Engine.ini]
[2021.06.06-17.49.54:950][  0]LogConfig: Setting CVar [[s.MinBulkDataSizeForAsyncLoading:131072]]
[2021.06.06-17.49.54:950][  0]LogConfig: Setting CVar [[s.AsyncLoadingThreadEnabled:0]]
[2021.06.06-17.49.54:950][  0]LogConfig: Setting CVar [[s.EventDrivenLoaderEnabled:1]]
[2021.06.06-17.49.54:950][  0]LogConfig: Setting CVar [[s.WarnIfTimeLimitExceeded:0]]
[2021.06.06-17.49.54:950][  0]LogConfig: Setting CVar [[s.TimeLimitExceededMultiplier:1.5]]
[2021.06.06-17.49.54:950][  0]LogConfig: Setting CVar [[s.TimeLimitExceededMinTime:0.005]]
[2021.06.06-17.49.54:950][  0]LogConfig: Setting CVar [[s.UseBackgroundLevelStreaming:1]]
[2021.06.06-17.49.54:950][  0]LogConfig: Setting CVar [[s.PriorityAsyncLoadingExtraTime:15.0]]
[2021.06.06-17.49.54:950][  0]LogConfig: Setting CVar [[s.LevelStreamingActorsUpdateTimeLimit:5.0]]
[2021.06.06-17.49.54:950][  0]LogConfig: Setting CVar [[s.PriorityLevelStreamingActorsUpdateExtraTime:5.0]]
[2021.06.06-17.49.54:950][  0]LogConfig: Setting CVar [[s.LevelStreamingComponentsRegistrationGranularity:10]]
[2021.06.06-17.49.54:950][  0]LogConfig: Setting CVar [[s.UnregisterComponentsTimeLimit:1.0]]
[2021.06.06-17.49.54:950][  0]LogConfig: Setting CVar [[s.LevelStreamingComponentsUnregistrationGranularity:5]]
[2021.06.06-17.49.54:950][  0]LogConfig: Applying CVar settings from Section [/Script/Engine.GarbageCollectionSettings] File [D:/Github/SmallEscapeRoom/SmallEscapeRoom/SmallEscape/Saved/Config/Windows/Engine.ini]
[2021.06.06-17.49.54:950][  0]LogConfig: Setting CVar [[gc.MaxObjectsNotConsideredByGC:1]]
[2021.06.06-17.49.54:950][  0]LogConfig: Setting CVar [[gc.SizeOfPermanentObjectPool:0]]
[2021.06.06-17.49.54:950][  0]LogConfig: Setting CVar [[gc.FlushStreamingOnGC:0]]
[2021.06.06-17.49.54:950][  0]LogConfig: Setting CVar [[gc.NumRetriesBeforeForcingGC:10]]
[2021.06.06-17.49.54:950][  0]LogConfig: Setting CVar [[gc.AllowParallelGC:1]]
[2021.06.06-17.49.54:950][  0]LogConfig: Setting CVar [[gc.TimeBetweenPurgingPendingKillObjects:61.1]]
[2021.06.06-17.49.54:950][  0]LogConfig: Setting CVar [[gc.MaxObjectsInEditor:16777216]]
[2021.06.06-17.49.54:950][  0]LogConfig: Setting CVar [[gc.IncrementalBeginDestroyEnabled:1]]
[2021.06.06-17.49.54:950][  0]LogConfig: Setting CVar [[gc.CreateGCClusters:1]]
[2021.06.06-17.49.54:950][  0]LogConfig: Setting CVar [[gc.MinGCClusterSize:5]]
[2021.06.06-17.49.54:950][  0]LogConfig: Setting CVar [[gc.ActorClusteringEnabled:0]]
[2021.06.06-17.49.54:950][  0]LogConfig: Setting CVar [[gc.BlueprintClusteringEnabled:0]]
[2021.06.06-17.49.54:950][  0]LogConfig: Setting CVar [[gc.UseDisregardForGCOnDedicatedServers:0]]
[2021.06.06-17.49.54:950][  0]LogConfig: Applying CVar settings from Section [/Script/Engine.NetworkSettings] File [D:/Github/SmallEscapeRoom/SmallEscapeRoom/SmallEscape/Saved/Config/Windows/Engine.ini]
[2021.06.06-17.49.54:950][  0]LogConfig: Applying CVar settings from Section [/Script/UnrealEd.CookerSettings] File [D:/Github/SmallEscapeRoom/SmallEscapeRoom/SmallEscape/Saved/Config/Windows/Engine.ini]
[2021.06.06-17.49.54:953][  0]LogConfig: Applying CVar settings from Section [ViewDistanceQuality@3] File [D:/Github/SmallEscapeRoom/SmallEscapeRoom/SmallEscape/Saved/Config/Windows/Scalability.ini]
[2021.06.06-17.49.54:953][  0]LogConfig: Setting CVar [[r.SkeletalMeshLODBias:0]]
[2021.06.06-17.49.54:953][  0]LogConfig: Setting CVar [[r.ViewDistanceScale:1.0]]
[2021.06.06-17.49.54:953][  0]LogConfig: Applying CVar settings from Section [AntiAliasingQuality@3] File [D:/Github/SmallEscapeRoom/SmallEscapeRoom/SmallEscape/Saved/Config/Windows/Scalability.ini]
[2021.06.06-17.49.54:953][  0]LogConfig: Setting CVar [[r.PostProcessAAQuality:4]]
[2021.06.06-17.49.54:953][  0]LogConfig: Applying CVar settings from Section [ShadowQuality@3] File [D:/Github/SmallEscapeRoom/SmallEscapeRoom/SmallEscape/Saved/Config/Windows/Scalability.ini]
[2021.06.06-17.49.54:953][  0]LogConfig: Setting CVar [[r.LightFunctionQuality:1]]
[2021.06.06-17.49.54:953][  0]LogConfig: Setting CVar [[r.ShadowQuality:5]]
[2021.06.06-17.49.54:953][  0]LogConfig: Setting CVar [[r.Shadow.CSM.MaxCascades:10]]
[2021.06.06-17.49.54:953][  0]LogConfig: Setting CVar [[r.Shadow.MaxResolution:2048]]
[2021.06.06-17.49.54:953][  0]LogConfig: Setting CVar [[r.Shadow.MaxCSMResolution:2048]]
[2021.06.06-17.49.54:953][  0]LogConfig: Setting CVar [[r.Shadow.RadiusThreshold:0.01]]
[2021.06.06-17.49.54:953][  0]LogConfig: Setting CVar [[r.Shadow.DistanceScale:1.0]]
[2021.06.06-17.49.54:953][  0]LogConfig: Setting CVar [[r.Shadow.CSM.TransitionScale:1.0]]
[2021.06.06-17.49.54:953][  0]LogConfig: Setting CVar [[r.Shadow.PreShadowResolutionFactor:1.0]]
[2021.06.06-17.49.54:953][  0]LogConfig: Setting CVar [[r.DistanceFieldShadowing:1]]
[2021.06.06-17.49.54:953][  0]LogConfig: Setting CVar [[r.DistanceFieldAO:1]]
[2021.06.06-17.49.54:953][  0]LogConfig: Setting CVar [[r.AOQuality:2]]
[2021.06.06-17.49.54:953][  0]LogConfig: Setting CVar [[r.VolumetricFog:1]]
[2021.06.06-17.49.54:953][  0]LogConfig: Setting CVar [[r.VolumetricFog.GridPixelSize:8]]
[2021.06.06-17.49.54:953][  0]LogConfig: Setting CVar [[r.VolumetricFog.GridSizeZ:128]]
[2021.06.06-17.49.54:953][  0]LogConfig: Setting CVar [[r.VolumetricFog.HistoryMissSupersampleCount:4]]
[2021.06.06-17.49.54:953][  0]LogConfig: Setting CVar [[r.LightMaxDrawDistanceScale:1]]
[2021.06.06-17.49.54:953][  0]LogConfig: Setting CVar [[r.CapsuleShadows:1]]
[2021.06.06-17.49.54:953][  0]LogConfig: Applying CVar settings from Section [PostProcessQuality@3] File [D:/Github/SmallEscapeRoom/SmallEscapeRoom/SmallEscape/Saved/Config/Windows/Scalability.ini]
[2021.06.06-17.49.54:953][  0]LogConfig: Setting CVar [[r.MotionBlurQuality:4]]
[2021.06.06-17.49.54:953][  0]LogConfig: Setting CVar [[r.AmbientOcclusionMipLevelFactor:0.4]]
[2021.06.06-17.49.54:953][  0]LogConfig: Setting CVar [[r.AmbientOcclusionMaxQuality:100]]
[2021.06.06-17.49.54:953][  0]LogConfig: Setting CVar [[r.AmbientOcclusionLevels:-1]]
[2021.06.06-17.49.54:953][  0]LogConfig: Setting CVar [[r.AmbientOcclusionRadiusScale:1.0]]
[2021.06.06-17.49.54:953][  0]LogConfig: Setting CVar [[r.DepthOfFieldQuality:2]]
[2021.06.06-17.49.54:953][  0]LogConfig: Setting CVar [[r.RenderTargetPoolMin:400]]
[2021.06.06-17.49.54:953][  0]LogConfig: Setting CVar [[r.LensFlareQuality:2]]
[2021.06.06-17.49.54:953][  0]LogConfig: Setting CVar [[r.SceneColorFringeQuality:1]]
[2021.06.06-17.49.54:954][  0]LogConfig: Setting CVar [[r.EyeAdaptationQuality:2]]
[2021.06.06-17.49.54:954][  0]LogConfig: Setting CVar [[r.BloomQuality:5]]
[2021.06.06-17.49.54:954][  0]LogConfig: Setting CVar [[r.FastBlurThreshold:100]]
[2021.06.06-17.49.54:954][  0]LogConfig: Setting CVar [[r.Upscale.Quality:3]]
[2021.06.06-17.49.54:954][  0]LogConfig: Setting CVar [[r.Tonemapper.GrainQuantization:1]]
[2021.06.06-17.49.54:954][  0]LogConfig: Setting CVar [[r.LightShaftQuality:1]]
[2021.06.06-17.49.54:954][  0]LogConfig: Setting CVar [[r.Filter.SizeScale:1]]
[2021.06.06-17.49.54:954][  0]LogConfig: Setting CVar [[r.Tonemapper.Quality:5]]
[2021.06.06-17.49.54:954][  0]LogConfig: Setting CVar [[r.DOF.Gather.AccumulatorQuality:1        ; higher gathering accumulator quality]]
[2021.06.06-17.49.54:954][  0]LogConfig: Setting CVar [[r.DOF.Gather.PostfilterMethod:1          ; Median3x3 postfilering method]]
[2021.06.06-17.49.54:954][  0]LogConfig: Setting CVar [[r.DOF.Gather.EnableBokehSettings:0       ; no bokeh simulation when gathering]]
[2021.06.06-17.49.54:954][  0]LogConfig: Setting CVar [[r.DOF.Gather.RingCount:4                 ; medium number of samples when gathering]]
[2021.06.06-17.49.54:954][  0]LogConfig: Setting CVar [[r.DOF.Scatter.ForegroundCompositing:1    ; additive foreground scattering]]
[2021.06.06-17.49.54:954][  0]LogConfig: Setting CVar [[r.DOF.Scatter.BackgroundCompositing:2    ; additive background scattering]]
[2021.06.06-17.49.54:954][  0]LogConfig: Setting CVar [[r.DOF.Scatter.EnableBokehSettings:1      ; bokeh simulation when scattering]]
[2021.06.06-17.49.54:954][  0]LogConfig: Setting CVar [[r.DOF.Scatter.MaxSpriteRatio:0.1         ; only a maximum of 10% of scattered bokeh]]
[2021.06.06-17.49.54:954][  0]LogConfig: Setting CVar [[r.DOF.Recombine.Quality:1                ; cheap slight out of focus]]
[2021.06.06-17.49.54:954][  0]LogConfig: Setting CVar [[r.DOF.Recombine.EnableBokehSettings:0    ; no bokeh simulation on slight out of focus]]
[2021.06.06-17.49.54:954][  0]LogConfig: Setting CVar [[r.DOF.TemporalAAQuality:1                ; more stable temporal accumulation]]
[2021.06.06-17.49.54:954][  0]LogConfig: Setting CVar [[r.DOF.Kernel.MaxForegroundRadius:0.025]]
[2021.06.06-17.49.54:954][  0]LogConfig: Setting CVar [[r.DOF.Kernel.MaxBackgroundRadius:0.025]]
[2021.06.06-17.49.54:954][  0]LogConfig: Applying CVar settings from Section [TextureQuality@3] File [D:/Github/SmallEscapeRoom/SmallEscapeRoom/SmallEscape/Saved/Config/Windows/Scalability.ini]
[2021.06.06-17.49.54:954][  0]LogConfig: Setting CVar [[r.Streaming.MipBias:0]]
[2021.06.06-17.49.54:954][  0]LogConfig: Setting CVar [[r.Streaming.AmortizeCPUToGPUCopy:0]]
[2021.06.06-17.49.54:954][  0]LogConfig: Setting CVar [[r.Streaming.MaxNumTexturesToStreamPerFrame:0]]
[2021.06.06-17.49.54:954][  0]LogConfig: Setting CVar [[r.Streaming.Boost:1]]
[2021.06.06-17.49.54:954][  0]LogConfig: Setting CVar [[r.MaxAnisotropy:8]]
[2021.06.06-17.49.54:954][  0]LogConfig: Setting CVar [[r.Streaming.LimitPoolSizeToVRAM:0]]
[2021.06.06-17.49.54:954][  0]LogConfig: Setting CVar [[r.Streaming.PoolSize:1000]]
[2021.06.06-17.49.54:954][  0]LogConfig: Setting CVar [[r.Streaming.MaxEffectiveScreenSize:0]]
[2021.06.06-17.49.54:954][  0]LogConfig: Applying CVar settings from Section [EffectsQuality@3] File [D:/Github/SmallEscapeRoom/SmallEscapeRoom/SmallEscape/Saved/Config/Windows/Scalability.ini]
[2021.06.06-17.49.54:954][  0]LogConfig: Setting CVar [[r.TranslucencyLightingVolumeDim:64]]
[2021.06.06-17.49.54:954][  0]LogConfig: Setting CVar [[r.RefractionQuality:2]]
[2021.06.06-17.49.54:954][  0]LogConfig: Setting CVar [[r.SSR.Quality:3]]
[2021.06.06-17.49.54:954][  0]LogConfig: Setting CVar [[r.SceneColorFormat:4]]
[2021.06.06-17.49.54:954][  0]LogConfig: Setting CVar [[r.DetailMode:2]]
[2021.06.06-17.49.54:954][  0]LogConfig: Setting CVar [[r.TranslucencyVolumeBlur:1]]
[2021.06.06-17.49.54:954][  0]LogConfig: Setting CVar [[r.MaterialQualityLevel:1 ; High quality]]
[2021.06.06-17.49.54:954][  0]LogConfig: Setting CVar [[r.SSS.Scale:1]]
[2021.06.06-17.49.54:954][  0]LogConfig: Setting CVar [[r.SSS.SampleSet:2]]
[2021.06.06-17.49.54:954][  0]LogConfig: Setting CVar [[r.SSS.Quality:1]]
[2021.06.06-17.49.54:954][  0]LogConfig: Setting CVar [[r.SSS.HalfRes:1]]
[2021.06.06-17.49.54:954][  0]LogConfig: Setting CVar [[r.EmitterSpawnRateScale:1.0]]
[2021.06.06-17.49.54:954][  0]LogConfig: Setting CVar [[r.ParticleLightQuality:2]]
[2021.06.06-17.49.54:954][  0]LogConfig: Applying CVar settings from Section [FoliageQuality@3] File [D:/Github/SmallEscapeRoom/SmallEscapeRoom/SmallEscape/Saved/Config/Windows/Scalability.ini]
[2021.06.06-17.49.54:954][  0]LogConfig: Setting CVar [[foliage.DensityScale:1.0]]
[2021.06.06-17.49.54:954][  0]LogConfig: Setting CVar [[grass.DensityScale:1.0]]
[2021.06.06-17.49.54:954][  0]LogInit: Selected Device Profile: [Windows]
[2021.06.06-17.49.54:954][  0]LogInit: Applying CVar settings loaded from the selected device profile: [Windows]
[2021.06.06-17.49.54:991][  0]LogHAL: Display: Platform has ~ 16 GB [17038442496 / 17179869184 / 16], which maps to Larger [LargestMinGB=32, LargerMinGB=12, DefaultMinGB=8, SmallerMinGB=6, SmallestMinGB=0)
[2021.06.06-17.49.54:991][  0]LogConfig: Setting CVar [[r.Vulkan.UseRealUBs:0		; Required until we fix HLR fall-out]]
[2021.06.06-17.49.54:991][  0]LogInit: Going up to parent DeviceProfile []
[2021.06.06-17.49.54:991][  0]LogConfig: Applying CVar settings from Section [ViewDistanceQuality@3] File [D:/Github/SmallEscapeRoom/SmallEscapeRoom/SmallEscape/Saved/Config/Windows/Scalability.ini]
[2021.06.06-17.49.54:991][  0]LogConfig: Setting CVar [[r.SkeletalMeshLODBias:0]]
[2021.06.06-17.49.54:992][  0]LogConfig: Setting CVar [[r.ViewDistanceScale:1.0]]
[2021.06.06-17.49.54:992][  0]LogConfig: Applying CVar settings from Section [AntiAliasingQuality@3] File [D:/Github/SmallEscapeRoom/SmallEscapeRoom/SmallEscape/Saved/Config/Windows/Scalability.ini]
[2021.06.06-17.49.54:992][  0]LogConfig: Setting CVar [[r.PostProcessAAQuality:4]]
[2021.06.06-17.49.54:992][  0]LogConfig: Applying CVar settings from Section [ShadowQuality@3] File [D:/Github/SmallEscapeRoom/SmallEscapeRoom/SmallEscape/Saved/Config/Windows/Scalability.ini]
[2021.06.06-17.49.54:992][  0]LogConfig: Setting CVar [[r.LightFunctionQuality:1]]
[2021.06.06-17.49.54:992][  0]LogConfig: Setting CVar [[r.ShadowQuality:5]]
[2021.06.06-17.49.54:992][  0]LogConfig: Setting CVar [[r.Shadow.CSM.MaxCascades:10]]
[2021.06.06-17.49.54:992][  0]LogConfig: Setting CVar [[r.Shadow.MaxResolution:2048]]
[2021.06.06-17.49.54:992][  0]LogConfig: Setting CVar [[r.Shadow.MaxCSMResolution:2048]]
[2021.06.06-17.49.54:992][  0]LogConfig: Setting CVar [[r.Shadow.RadiusThreshold:0.01]]
[2021.06.06-17.49.54:992][  0]LogConfig: Setting CVar [[r.Shadow.DistanceScale:1.0]]
[2021.06.06-17.49.54:992][  0]LogConfig: Setting CVar [[r.Shadow.CSM.TransitionScale:1.0]]
[2021.06.06-17.49.54:992][  0]LogConfig: Setting CVar [[r.Shadow.PreShadowResolutionFactor:1.0]]
[2021.06.06-17.49.54:992][  0]LogConfig: Setting CVar [[r.DistanceFieldShadowing:1]]
[2021.06.06-17.49.54:992][  0]LogConfig: Setting CVar [[r.DistanceFieldAO:1]]
[2021.06.06-17.49.54:992][  0]LogConfig: Setting CVar [[r.AOQuality:2]]
[2021.06.06-17.49.54:992][  0]LogConfig: Setting CVar [[r.VolumetricFog:1]]
[2021.06.06-17.49.54:992][  0]LogConfig: Setting CVar [[r.VolumetricFog.GridPixelSize:8]]
[2021.06.06-17.49.54:992][  0]LogConfig: Setting CVar [[r.VolumetricFog.GridSizeZ:128]]
[2021.06.06-17.49.54:992][  0]LogConfig: Setting CVar [[r.VolumetricFog.HistoryMissSupersampleCount:4]]
[2021.06.06-17.49.54:992][  0]LogConfig: Setting CVar [[r.LightMaxDrawDistanceScale:1]]
[2021.06.06-17.49.54:992][  0]LogConfig: Setting CVar [[r.CapsuleShadows:1]]
[2021.06.06-17.49.54:992][  0]LogConfig: Applying CVar settings from Section [PostProcessQuality@3] File [D:/Github/SmallEscapeRoom/SmallEscapeRoom/SmallEscape/Saved/Config/Windows/Scalability.ini]
[2021.06.06-17.49.54:992][  0]LogConfig: Setting CVar [[r.MotionBlurQuality:4]]
[2021.06.06-17.49.54:992][  0]LogConfig: Setting CVar [[r.AmbientOcclusionMipLevelFactor:0.4]]
[2021.06.06-17.49.54:992][  0]LogConfig: Setting CVar [[r.AmbientOcclusionMaxQuality:100]]
[2021.06.06-17.49.54:992][  0]LogConfig: Setting CVar [[r.AmbientOcclusionLevels:-1]]
[2021.06.06-17.49.54:992][  0]LogConfig: Setting CVar [[r.AmbientOcclusionRadiusScale:1.0]]
[2021.06.06-17.49.54:992][  0]LogConfig: Setting CVar [[r.DepthOfFieldQuality:2]]
[2021.06.06-17.49.54:992][  0]LogConfig: Setting CVar [[r.RenderTargetPoolMin:400]]
[2021.06.06-17.49.54:992][  0]LogConfig: Setting CVar [[r.LensFlareQuality:2]]
[2021.06.06-17.49.54:992][  0]LogConfig: Setting CVar [[r.SceneColorFringeQuality:1]]
[2021.06.06-17.49.54:992][  0]LogConfig: Setting CVar [[r.EyeAdaptationQuality:2]]
[2021.06.06-17.49.54:992][  0]LogConfig: Setting CVar [[r.BloomQuality:5]]
[2021.06.06-17.49.54:992][  0]LogConfig: Setting CVar [[r.FastBlurThreshold:100]]
[2021.06.06-17.49.54:992][  0]LogConfig: Setting CVar [[r.Upscale.Quality:3]]
[2021.06.06-17.49.54:992][  0]LogConfig: Setting CVar [[r.Tonemapper.GrainQuantization:1]]
[2021.06.06-17.49.54:992][  0]LogConfig: Setting CVar [[r.LightShaftQuality:1]]
[2021.06.06-17.49.54:992][  0]LogConfig: Setting CVar [[r.Filter.SizeScale:1]]
[2021.06.06-17.49.54:992][  0]LogConfig: Setting CVar [[r.Tonemapper.Quality:5]]
[2021.06.06-17.49.54:992][  0]LogConfig: Setting CVar [[r.DOF.Gather.AccumulatorQuality:1        ; higher gathering accumulator quality]]
[2021.06.06-17.49.54:993][  0]LogConfig: Setting CVar [[r.DOF.Gather.PostfilterMethod:1          ; Median3x3 postfilering method]]
[2021.06.06-17.49.54:993][  0]LogConfig: Setting CVar [[r.DOF.Gather.EnableBokehSettings:0       ; no bokeh simulation when gathering]]
[2021.06.06-17.49.54:993][  0]LogConfig: Setting CVar [[r.DOF.Gather.RingCount:4                 ; medium number of samples when gathering]]
[2021.06.06-17.49.54:993][  0]LogConfig: Setting CVar [[r.DOF.Scatter.ForegroundCompositing:1    ; additive foreground scattering]]
[2021.06.06-17.49.54:993][  0]LogConfig: Setting CVar [[r.DOF.Scatter.BackgroundCompositing:2    ; additive background scattering]]
[2021.06.06-17.49.54:993][  0]LogConfig: Setting CVar [[r.DOF.Scatter.EnableBokehSettings:1      ; bokeh simulation when scattering]]
[2021.06.06-17.49.54:993][  0]LogConfig: Setting CVar [[r.DOF.Scatter.MaxSpriteRatio:0.1         ; only a maximum of 10% of scattered bokeh]]
[2021.06.06-17.49.54:993][  0]LogConfig: Setting CVar [[r.DOF.Recombine.Quality:1                ; cheap slight out of focus]]
[2021.06.06-17.49.54:993][  0]LogConfig: Setting CVar [[r.DOF.Recombine.EnableBokehSettings:0    ; no bokeh simulation on slight out of focus]]
[2021.06.06-17.49.54:993][  0]LogConfig: Setting CVar [[r.DOF.TemporalAAQuality:1                ; more stable temporal accumulation]]
[2021.06.06-17.49.54:993][  0]LogConfig: Setting CVar [[r.DOF.Kernel.MaxForegroundRadius:0.025]]
[2021.06.06-17.49.54:993][  0]LogConfig: Setting CVar [[r.DOF.Kernel.MaxBackgroundRadius:0.025]]
[2021.06.06-17.49.54:993][  0]LogConfig: Applying CVar settings from Section [TextureQuality@3] File [D:/Github/SmallEscapeRoom/SmallEscapeRoom/SmallEscape/Saved/Config/Windows/Scalability.ini]
[2021.06.06-17.49.54:993][  0]LogConfig: Setting CVar [[r.Streaming.MipBias:0]]
[2021.06.06-17.49.54:993][  0]LogConfig: Setting CVar [[r.Streaming.AmortizeCPUToGPUCopy:0]]
[2021.06.06-17.49.54:993][  0]LogConfig: Setting CVar [[r.Streaming.MaxNumTexturesToStreamPerFrame:0]]
[2021.06.06-17.49.54:993][  0]LogConfig: Setting CVar [[r.Streaming.Boost:1]]
[2021.06.06-17.49.54:993][  0]LogConfig: Setting CVar [[r.MaxAnisotropy:8]]
[2021.06.06-17.49.54:993][  0]LogConfig: Setting CVar [[r.Streaming.LimitPoolSizeToVRAM:0]]
[2021.06.06-17.49.54:993][  0]LogConfig: Setting CVar [[r.Streaming.PoolSize:1000]]
[2021.06.06-17.49.54:993][  0]LogConfig: Setting CVar [[r.Streaming.MaxEffectiveScreenSize:0]]
[2021.06.06-17.49.54:993][  0]LogConfig: Applying CVar settings from Section [EffectsQuality@3] File [D:/Github/SmallEscapeRoom/SmallEscapeRoom/SmallEscape/Saved/Config/Windows/Scalability.ini]
[2021.06.06-17.49.54:993][  0]LogConfig: Setting CVar [[r.TranslucencyLightingVolumeDim:64]]
[2021.06.06-17.49.54:993][  0]LogConfig: Setting CVar [[r.RefractionQuality:2]]
[2021.06.06-17.49.54:993][  0]LogConfig: Setting CVar [[r.SSR.Quality:3]]
[2021.06.06-17.49.54:993][  0]LogConfig: Setting CVar [[r.SceneColorFormat:4]]
[2021.06.06-17.49.54:993][  0]LogConfig: Setting CVar [[r.DetailMode:2]]
[2021.06.06-17.49.54:993][  0]LogConfig: Setting CVar [[r.TranslucencyVolumeBlur:1]]
[2021.06.06-17.49.54:993][  0]LogConfig: Setting CVar [[r.MaterialQualityLevel:1 ; High quality]]
[2021.06.06-17.49.54:993][  0]LogConfig: Setting CVar [[r.SSS.Scale:1]]
[2021.06.06-17.49.54:993][  0]LogConfig: Setting CVar [[r.SSS.SampleSet:2]]
[2021.06.06-17.49.54:993][  0]LogConfig: Setting CVar [[r.SSS.Quality:1]]
[2021.06.06-17.49.54:993][  0]LogConfig: Setting CVar [[r.SSS.HalfRes:1]]
[2021.06.06-17.49.54:993][  0]LogConfig: Setting CVar [[r.EmitterSpawnRateScale:1.0]]
[2021.06.06-17.49.54:993][  0]LogConfig: Setting CVar [[r.ParticleLightQuality:2]]
[2021.06.06-17.49.54:993][  0]LogConfig: Applying CVar settings from Section [FoliageQuality@3] File [D:/Github/SmallEscapeRoom/SmallEscapeRoom/SmallEscape/Saved/Config/Windows/Scalability.ini]
[2021.06.06-17.49.54:993][  0]LogConfig: Setting CVar [[foliage.DensityScale:1.0]]
[2021.06.06-17.49.54:993][  0]LogConfig: Setting CVar [[grass.DensityScale:1.0]]
[2021.06.06-17.49.54:993][  0]LogConfig: Applying CVar settings from Section [Startup] File [../../../Engine/Config/ConsoleVariables.ini]
[2021.06.06-17.49.54:994][  0]LogConfig: Setting CVar [[net.UseAdaptiveNetUpdateFrequency:0]]
[2021.06.06-17.49.54:994][  0]LogConfig: Setting CVar [[p.chaos.AllowCreatePhysxBodies:1]]
[2021.06.06-17.49.54:994][  0]LogConfig: Applying CVar settings from Section [ConsoleVariables] File [D:/Github/SmallEscapeRoom/SmallEscapeRoom/SmallEscape/Saved/Config/Windows/Engine.ini]
[2021.06.06-17.49.54:994][  0]LogInit: Computer: DESKTOP-F6IC33L
[2021.06.06-17.49.54:995][  0]LogInit: User: Pimmez
[2021.06.06-17.49.54:995][  0]LogInit: CPU Page size=4096, Cores=4
[2021.06.06-17.49.54:995][  0]LogInit: High frequency timer resolution =10.000000 MHz
[2021.06.06-17.49.54:995][  0]LogMemory: Memory total: Physical=15.9GB (16GB approx)
[2021.06.06-17.49.54:995][  0]LogMemory: Platform Memory Stats for Windows
[2021.06.06-17.49.54:995][  0]LogMemory: Process Physical Memory: 97.61 MB used, 97.61 MB peak
[2021.06.06-17.49.54:995][  0]LogMemory: Process Virtual Memory: 89.04 MB used, 89.04 MB peak
[2021.06.06-17.49.54:995][  0]LogMemory: Physical Memory: 8114.71 MB used,  8134.42 MB free, 16249.13 MB total
[2021.06.06-17.49.54:995][  0]LogMemory: Virtual Memory: 4642.59 MB used,  134213088.00 MB free, 134217728.00 MB total
[2021.06.06-17.49.55:143][  0]LogInit: Using OS detected language (nl-NL).
[2021.06.06-17.49.55:143][  0]LogInit: Using OS detected locale (nl-NL).
[2021.06.06-17.49.55:144][  0]LogTextLocalizationManager: No localization for 'nl-NL' exists, so 'en' will be used for the language.
[2021.06.06-17.49.55:336][  0]LogInit: Setting process to per monitor DPI aware
[2021.06.06-17.49.55:406][  0]LogSlate: New Slate User Created.  User Index 0, Is Virtual User: 0
[2021.06.06-17.49.55:406][  0]LogSlate: Slate User Registered.  User Index 0, Is Virtual User: 0
[2021.06.06-17.49.55:732][  0]LogHMD: Failed to initialize OpenVR with code 110
[2021.06.06-17.49.55:732][  0]LogD3D11RHI: D3D11 adapters:
[2021.06.06-17.49.55:871][  0]LogD3D11RHI:    0. 'NVIDIA GeForce GTX 1060 with Max-Q Design' (Feature Level 11_0)
[2021.06.06-17.49.55:871][  0]LogD3D11RHI:       6052/0/8124 MB DedicatedVideo/DedicatedSystem/SharedSystem, Outputs:2, VendorId:0x10de
[2021.06.06-17.49.55:907][  0]LogD3D11RHI:    1. 'Intel(R) HD Graphics 630' (Feature Level 11_0)
[2021.06.06-17.49.55:907][  0]LogD3D11RHI:       128/0/8124 MB DedicatedVideo/DedicatedSystem/SharedSystem, Outputs:0, VendorId:0x8086
[2021.06.06-17.49.55:910][  0]LogD3D11RHI:    2. 'Microsoft Basic Render Driver' (Feature Level 11_0)
[2021.06.06-17.49.55:910][  0]LogD3D11RHI:       0/0/8124 MB DedicatedVideo/DedicatedSystem/SharedSystem, Outputs:0, VendorId:0x1414
[2021.06.06-17.49.55:910][  0]LogD3D11RHI: Chosen D3D11 Adapter: 0
[2021.06.06-17.49.55:917][  0]LogD3D11RHI: Creating new Direct3DDevice
[2021.06.06-17.49.55:917][  0]LogD3D11RHI:     GPU DeviceId: 0x1c20 (for the marketing name, search the web for "GPU Device Id")
[2021.06.06-17.49.55:917][  0]LogWindows: EnumDisplayDevices:
[2021.06.06-17.49.55:917][  0]LogWindows:    0. 'Intel(R) HD Graphics 630' (P:1 D:1)
[2021.06.06-17.49.55:918][  0]LogWindows:    1. 'Intel(R) HD Graphics 630' (P:0 D:0)
[2021.06.06-17.49.55:918][  0]LogWindows:    2. 'Intel(R) HD Graphics 630' (P:0 D:0)
[2021.06.06-17.49.55:919][  0]LogWindows:    3. 'NVIDIA GeForce GTX 1060 with Max-Q Design' (P:0 D:1)
[2021.06.06-17.49.55:919][  0]LogWindows: DebugString: PrimaryIsNotTheChoosenAdapter PrimaryIsNotTheChoosenAdapter PrimaryIsNotTheChoosenAdapter 
[2021.06.06-17.49.55:919][  0]LogD3D11RHI:     Adapter Name: NVIDIA GeForce GTX 1060 with Max-Q Design
[2021.06.06-17.49.55:919][  0]LogD3D11RHI:   Driver Version: 466.63 (internal:27.21.14.6663, unified:466.63)
[2021.06.06-17.49.55:919][  0]LogD3D11RHI:      Driver Date: 5-27-2021
[2021.06.06-17.49.55:919][  0]LogRHI: Texture pool is 4236 MB (70% of 6052 MB)
[2021.06.06-17.49.56:010][  0]LogD3D11RHI: Async texture creation enabled
[2021.06.06-17.49.56:016][  0]LogRendererCore: FGlobalReadBuffer::InitRHI
[2021.06.06-17.49.56:017][  0]LogRendererCore: FGlobalReadBuffer::InitRHI
[2021.06.06-17.49.56:017][  0]LogRendererCore: FGlobalReadBuffer::InitRHI
[2021.06.06-17.49.56:025][  0]LogD3D11RHI: GPU Timing Frequency: 1000.000000 (Debug: 2 1)
[2021.06.06-17.49.56:443][  0]LogTemp: Display: Module 'AllDesktopTargetPlatform' loaded TargetPlatform 'AllDesktop'
[2021.06.06-17.49.56:457][  0]LogTemp: Display: Module 'MacClientTargetPlatform' loaded TargetPlatform 'MacClient'
[2021.06.06-17.49.56:472][  0]LogTemp: Display: Module 'MacNoEditorTargetPlatform' loaded TargetPlatform 'MacNoEditor'
[2021.06.06-17.49.56:487][  0]LogTemp: Display: Module 'MacServerTargetPlatform' loaded TargetPlatform 'MacServer'
[2021.06.06-17.49.56:501][  0]LogTemp: Display: Module 'MacTargetPlatform' loaded TargetPlatform 'Mac'
[2021.06.06-17.49.56:515][  0]LogTemp: Display: Module 'WindowsClientTargetPlatform' loaded TargetPlatform 'WindowsClient'
[2021.06.06-17.49.56:528][  0]LogTemp: Display: Module 'WindowsNoEditorTargetPlatform' loaded TargetPlatform 'WindowsNoEditor'
[2021.06.06-17.49.56:543][  0]LogTemp: Display: Module 'WindowsServerTargetPlatform' loaded TargetPlatform 'WindowsServer'
[2021.06.06-17.49.56:549][  0]LogTemp: Display: Module 'WindowsTargetPlatform' loaded TargetPlatform 'Windows'
[2021.06.06-17.49.56:625][  0]LogTemp: Display: Module 'AndroidTargetPlatform' loaded TargetPlatform 'Android'
[2021.06.06-17.49.56:625][  0]LogTemp: Display: Module 'AndroidTargetPlatform' loaded TargetPlatform 'Android_ASTC'
[2021.06.06-17.49.56:625][  0]LogTemp: Display: Module 'AndroidTargetPlatform' loaded TargetPlatform 'Android_ATC'
[2021.06.06-17.49.56:625][  0]LogTemp: Display: Module 'AndroidTargetPlatform' loaded TargetPlatform 'Android_DXT'
[2021.06.06-17.49.56:625][  0]LogTemp: Display: Module 'AndroidTargetPlatform' loaded TargetPlatform 'Android_ETC1'
[2021.06.06-17.49.56:625][  0]LogTemp: Display: Module 'AndroidTargetPlatform' loaded TargetPlatform 'Android_ETC1a'
[2021.06.06-17.49.56:625][  0]LogTemp: Display: Module 'AndroidTargetPlatform' loaded TargetPlatform 'Android_ETC2'
[2021.06.06-17.49.56:625][  0]LogTemp: Display: Module 'AndroidTargetPlatform' loaded TargetPlatform 'Android_PVRTC'
[2021.06.06-17.49.56:625][  0]LogTemp: Display: Module 'AndroidTargetPlatform' loaded TargetPlatform 'AndroidClient'
[2021.06.06-17.49.56:625][  0]LogTemp: Display: Module 'AndroidTargetPlatform' loaded TargetPlatform 'Android_ASTCClient'
[2021.06.06-17.49.56:625][  0]LogTemp: Display: Module 'AndroidTargetPlatform' loaded TargetPlatform 'Android_ATCClient'
[2021.06.06-17.49.56:625][  0]LogTemp: Display: Module 'AndroidTargetPlatform' loaded TargetPlatform 'Android_DXTClient'
[2021.06.06-17.49.56:625][  0]LogTemp: Display: Module 'AndroidTargetPlatform' loaded TargetPlatform 'Android_ETC1Client'
[2021.06.06-17.49.56:625][  0]LogTemp: Display: Module 'AndroidTargetPlatform' loaded TargetPlatform 'Android_ETC1aClient'
[2021.06.06-17.49.56:625][  0]LogTemp: Display: Module 'AndroidTargetPlatform' loaded TargetPlatform 'Android_ETC2Client'
[2021.06.06-17.49.56:625][  0]LogTemp: Display: Module 'AndroidTargetPlatform' loaded TargetPlatform 'Android_PVRTCClient'
[2021.06.06-17.49.56:625][  0]LogTemp: Display: Module 'AndroidTargetPlatform' loaded TargetPlatform 'Android_Multi'
[2021.06.06-17.49.56:625][  0]LogTemp: Display: Module 'AndroidTargetPlatform' loaded TargetPlatform 'Android_MultiClient'
[2021.06.06-17.49.56:627][  0]LogTemp: Display: Module 'HTML5TargetPlatform' loaded TargetPlatform 'HTML5'
[2021.06.06-17.49.56:681][  0]LogTemp: Display: Module 'IOSTargetPlatform' loaded TargetPlatform 'IOSClient'
[2021.06.06-17.49.56:681][  0]LogTemp: Display: Module 'IOSTargetPlatform' loaded TargetPlatform 'IOS'
[2021.06.06-17.49.56:710][  0]LogTemp: Display: Module 'TVOSTargetPlatform' loaded TargetPlatform 'TVOSClient'
[2021.06.06-17.49.56:710][  0]LogTemp: Display: Module 'TVOSTargetPlatform' loaded TargetPlatform 'TVOS'
[2021.06.06-17.49.56:724][  0]LogTemp: Display: Module 'LinuxClientTargetPlatform' loaded TargetPlatform 'LinuxClient'
[2021.06.06-17.49.56:738][  0]LogTemp: Display: Module 'LinuxNoEditorTargetPlatform' loaded TargetPlatform 'LinuxNoEditor'
[2021.06.06-17.49.56:752][  0]LogTemp: Display: Module 'LinuxServerTargetPlatform' loaded TargetPlatform 'LinuxServer'
[2021.06.06-17.49.56:767][  0]LogTemp: Display: Module 'LinuxTargetPlatform' loaded TargetPlatform 'Linux'
[2021.06.06-17.49.56:825][  0]LogTemp: Display: Module 'LuminTargetPlatform' loaded TargetPlatform 'Lumin'
[2021.06.06-17.49.56:825][  0]LogTemp: Display: Module 'LuminTargetPlatform' loaded TargetPlatform 'LuminClient'
[2021.06.06-17.49.56:825][  0]LogTargetPlatformManager: Display: Building Assets For Windows
[2021.06.06-17.49.57:624][  0]LogAudioDebug: Display: Lib vorbis DLL was dynamically loaded.
[2021.06.06-17.49.57:668][  0]LogShaderCompilers: Guid format shader working directory is -25 characters bigger than the processId version (../../../../../../../Github/SmallEscapeRoom/SmallEscapeRoom/SmallEscape/Intermediate/Shaders/WorkingDirectory/17184/).
[2021.06.06-17.49.57:668][  0]LogShaderCompilers: Cleaned the shader compiler working directory 'C:/Users/Pimmez/AppData/Local/Temp/UnrealShaderWorkingDir/D0A4B71A48098EC795368BB989295543/'.
[2021.06.06-17.49.57:670][  0]LogXGEController: Cleaning working directory: C:/Users/Pimmez/AppData/Local/Temp/UnrealXGEWorkingDir/
[2021.06.06-17.49.57:670][  0]LogXGEController: Cannot use XGE Controller as Incredibuild is not installed on this machine.
[2021.06.06-17.49.57:671][  0]LogShaderCompilers: Cannot use XGE Shader Compiler as Incredibuild is not installed on this machine.
[2021.06.06-17.49.57:671][  0]LogShaderCompilers: Display: Using Local Shader Compiler.
[2021.06.06-17.49.58:274][  0]LogDerivedDataCache: Display: Max Cache Size: 512 MB
[2021.06.06-17.49.58:336][  0]LogDerivedDataCache: Loaded boot cache 0.06s 81MB C:/Users/Pimmez/AppData/Local/UnrealEngine/4.22/DerivedDataCache/Boot.ddc.
[2021.06.06-17.49.58:336][  0]LogDerivedDataCache: Display: Loaded Boot cache: C:/Users/Pimmez/AppData/Local/UnrealEngine/4.22/DerivedDataCache/Boot.ddc
[2021.06.06-17.49.58:336][  0]LogDerivedDataCache: FDerivedDataBackendGraph:  Pak pak cache file ../../../../../../../Github/SmallEscapeRoom/SmallEscapeRoom/SmallEscape/DerivedDataCache/DDC.ddp not found, will not use a pak cache.
[2021.06.06-17.49.58:336][  0]LogDerivedDataCache: Unable to find inner node Pak for hierarchical cache Hierarchy.
[2021.06.06-17.49.58:336][  0]LogDerivedDataCache: FDerivedDataBackendGraph:  CompressedPak pak cache file ../../../../../../../Github/SmallEscapeRoom/SmallEscapeRoom/SmallEscape/DerivedDataCache/Compressed.ddp not found, will not use a pak cache.
[2021.06.06-17.49.58:336][  0]LogDerivedDataCache: Unable to find inner node CompressedPak for hierarchical cache Hierarchy.
[2021.06.06-17.49.58:348][  0]LogDerivedDataCache: Display: Pak cache opened for reading ../../../Engine/DerivedDataCache/Compressed.ddp.
[2021.06.06-17.49.58:349][  0]LogDerivedDataCache: FDerivedDataBackendGraph:  EnterprisePak pak cache file ../../../Enterprise/DerivedDataCache/Compressed.ddp not found, will not use a pak cache.
[2021.06.06-17.49.58:349][  0]LogDerivedDataCache: Unable to find inner node EnterprisePak for hierarchical cache Hierarchy.
[2021.06.06-17.49.58:361][  0]LogDerivedDataCache: Using Local data cache path C:/Users/Pimmez/AppData/Local/UnrealEngine/Common/DerivedDataCache: Writable
[2021.06.06-17.49.58:361][  0]LogDerivedDataCache: Shared data cache path not found in *engine.ini, will not use an Shared cache.
[2021.06.06-17.49.58:361][  0]LogDerivedDataCache: Unable to find inner node Shared for hierarchical cache Hierarchy.
[2021.06.06-17.49.58:387][  0]LogMaterial: Verifying Global Shaders for PCD3D_SM5
[2021.06.06-17.49.58:388][  0]LogSlate: Using FreeType 2.6.0
[2021.06.06-17.49.58:403][  0]LogSlate: SlateFontServices - WITH_FREETYPE: 1, WITH_HARFBUZZ: 1
[2021.06.06-17.49.59:417][  0]LogAssetRegistry: FAssetRegistry took 0.0347 seconds to start up
[2021.06.06-17.49.59:787][  0]LogInit: Selected Device Profile: [Windows]
[2021.06.06-17.49.59:923][  0]LogMeshReduction: Using QuadricMeshReduction for automatic static mesh reduction
[2021.06.06-17.49.59:923][  0]LogMeshReduction: Using SimplygonMeshReduction for automatic skeletal mesh reduction
[2021.06.06-17.49.59:923][  0]LogMeshReduction: Using ProxyLODMeshReduction for automatic mesh merging
[2021.06.06-17.49.59:923][  0]LogMeshReduction: No distributed automatic mesh merging module available
[2021.06.06-17.49.59:923][  0]LogMeshMerging: No distributed automatic mesh merging module available
[2021.06.06-17.49.59:940][  0]LogNetVersion: BuildingEscape 1.0.0, NetCL: 5660361, EngineNetVer: 10, GameNetVer: 0 (Checksum: 1788021529)
[2021.06.06-17.50.01:082][  0]LogPackageLocalizationCache: Processed 10 localized package path(s) for 1 prioritized culture(s) in 0.720466 seconds
[2021.06.06-17.50.01:090][  0]LogUObjectArray: 42205 objects as part of root set at end of initial load.
[2021.06.06-17.50.01:090][  0]LogUObjectAllocator: 7325032 out of 0 bytes used by permanent object pool.
[2021.06.06-17.50.01:090][  0]LogUObjectArray: CloseDisregardForGC: 0/0 objects in disregard for GC pool
[2021.06.06-17.50.10:429][  0]LogTcpMessaging: Initializing TcpMessaging bridge
[2021.06.06-17.50.10:442][  0]LogUdpMessaging: Initializing bridge on interface 0.0.0.0:0 to multicast group 230.0.0.1:6666.
[2021.06.06-17.50.11:424][  0]SourceControl: Source control is disabled
[2021.06.06-17.50.11:424][  0]SourceControl: Source control is disabled
[2021.06.06-17.50.11:426][  0]SourceControl: Source control is disabled
[2021.06.06-17.50.11:427][  0]SourceControl: Source control is disabled
[2021.06.06-17.50.11:531][  0]LogAndroidPermission: UAndroidPermissionCallbackProxy::GetInstance
[2021.06.06-17.50.11:641][  0]LogOcInput: OculusInput pre-init called
[2021.06.06-17.50.13:069][  0]LogEngine: Initializing Engine...
[2021.06.06-17.50.13:070][  0]LogHMD: Failed to initialize OpenVR with code 110
[2021.06.06-17.50.13:071][  0]LogStats: UGameplayTagsManager::InitializeManager -  0.000 s
[2021.06.06-17.50.13:288][  0]LogInit: Initializing FReadOnlyCVARCache
[2021.06.06-17.50.13:298][  0]LogAIModule: Creating AISystem for world Untitled
[2021.06.06-17.50.13:336][  0]LogInit: XAudio2 using 'Luidsprekers / koptelefoons (Realtek Audio)' : 2 channels at 48 kHz using 32 bits per sample (channel mask 0x3)
[2021.06.06-17.50.14:732][  0]LogInit: FAudioDevice initialized.
[2021.06.06-17.50.14:732][  0]LogNetVersion: Set ProjectVersion to 1.0.0.0. Version Checksum will be recalculated on next use.
[2021.06.06-17.50.14:859][  0]LogDerivedDataCache: Saved boot cache 0.13s 71MB C:/Users/Pimmez/AppData/Local/UnrealEngine/4.22/DerivedDataCache/Boot.ddc.
[2021.06.06-17.50.14:860][  0]LogInit: Texture streaming: Enabled
[2021.06.06-17.50.14:937][  0]LogEngineSessionManager: EngineSessionManager initialized
[2021.06.06-17.50.14:954][  0]LogInit: Transaction tracking system initialized
[2021.06.06-17.50.15:127][  0]BlueprintLog: New page: Editor Load
[2021.06.06-17.50.15:702][  0]LocalizationService: Localization service is disabled
[2021.06.06-17.50.16:399][  0]LogFileCache: Scanning file cache for directory 'D:/Github/SmallEscapeRoom/SmallEscapeRoom/SmallEscape/Content/' took 0.01s
[2021.06.06-17.50.16:399][  0]LogCook: Display: Max memory allowance for cook 16384mb min free memory 0mb
[2021.06.06-17.50.16:399][  0]LogCook: Display: Mobile HDR setting 1
[2021.06.06-17.50.17:141][  0]SourceControl: Source control is disabled
[2021.06.06-17.50.17:141][  0]Cmd: MAP LOAD FILE="../../../../../../../Github/SmallEscapeRoom/SmallEscapeRoom/SmallEscape/Content/Levels/Level1.umap" TEMPLATE=0 SHOWPROGRESS=1 FEATURELEVEL=3
[2021.06.06-17.50.17:158][  0]LightingResults: New page: Lighting Build
[2021.06.06-17.50.17:178][  0]MapCheck: New page: Map Check
[2021.06.06-17.50.17:178][  0]LightingResults: New page: Lighting Build
[2021.06.06-17.50.17:203][  0]LogUObjectHash: Compacting FUObjectHashTables data took   2.07ms
[2021.06.06-17.50.17:631][  0]LogTexture: Display: Building textures: HQ_Lightmap0_3 (AutoDXT, 64X64)
[2021.06.06-17.50.17:631][  0]LogTexture: Display: Building textures: HQ_Lightmap0_2 (AutoDXT, 256X256)
[2021.06.06-17.50.17:631][  0]LogTexture: Display: Building textures: LQ_Lightmap_0_2 (DXT1, 256X256)
[2021.06.06-17.50.17:631][  0]LogTexture: Display: Building textures: LQ_Lightmap_0_3 (DXT1, 64X64)
[2021.06.06-17.50.17:631][  0]LogTexture: Display: Building textures: LQ_Lightmap_0_1 (DXT1, 512X512)
[2021.06.06-17.50.17:631][  0]LogTexture: Display: Building textures: HQ_Lightmap0_1 (AutoDXT, 512X512)
[2021.06.06-17.50.17:662][  0]LogStaticMesh: Building static mesh SM_Door...
[2021.06.06-17.50.17:708][  0]LogTexture: Display: Building textures: ShadowMapTexture2D_2 (G8, 32X32)
[2021.06.06-17.50.17:708][  0]LogTexture: Display: Building textures: ShadowMapTexture2D_1 (BGRA8, 128X128)
[2021.06.06-17.50.17:708][  0]LogTexture: Display: Building textures: ShadowMapTexture2D_0 (BGRA8, 512X128)
[2021.06.06-17.50.17:708][  0]LogStaticMesh: Built static mesh [0.05s] /Game/Models/SM_Door.SM_Door
[2021.06.06-17.50.17:709][  0]LogStaticMesh: Building static mesh SM_DoorFrame...
[2021.06.06-17.50.17:723][  0]LogStaticMesh: Built static mesh [0.01s] /Game/Models/SM_DoorFrame.SM_DoorFrame
[2021.06.06-17.50.17:763][  0]LogAudioDerivedData: Display: Building compressed audio format OGG hash OGG wave door-lock...
[2021.06.06-17.50.17:961][  0]LogAudioDerivedData: Display: Updated SoundWave->RawPCMDataSize from 0 to 100464 while cooking SoundWave /Game/Models/door-lock.door-lock.
[2021.06.06-17.50.32:152][  0]LogTexture: Display: Building textures: StoneWhiteTexture (AutoDXT, 4896X3264)
[2021.06.06-17.50.32:152][  0]LogTexture: Display: Building textures: WoodTexture (BGRA8, 5714X3809)
[2021.06.06-17.50.32:152][  0]LogMaterial: Display: Missing cached shader map for material StoneWhite_Mat, compiling. 
[2021.06.06-17.50.32:265][  0]LogMaterial: Display: Missing cached shader map for material Wood_Mat, compiling. 
[2021.06.06-17.50.32:360][  0]LogMaterial: Display: Missing cached shader map for material Brass, compiling. 
[2021.06.06-17.50.32:389][  0]LogAIModule: Creating AISystem for world Level1
[2021.06.06-17.50.32:481][  0]LogEditorServer: Finished looking for orphan Actors (0.000 secs)
[2021.06.06-17.50.32:510][  0]LogUObjectHash: Compacting FUObjectHashTables data took   2.64ms
[2021.06.06-17.50.32:511][  0]Cmd: MAP CHECKDEP NOCLEARLOG
[2021.06.06-17.50.32:511][  0]MapCheck: Map check complete: 0 Error(s), 0 Warning(s), took 0,137ms to complete.
[2021.06.06-17.50.32:511][  0]LogFileHelpers: Loading map 'Level1' took 15.370
[2021.06.06-17.50.32:736][  0]LogSlate: Updating window title bar state: overlay mode, drag disabled, window buttons hidden, title bar hidden
[2021.06.06-17.50.32:754][  0]LogSlate: Updating window title bar state: overlay mode, drag disabled, window buttons hidden, title bar hidden
[2021.06.06-17.50.32:771][  0]LogSlate: Updating window title bar state: overlay mode, drag disabled, window buttons hidden, title bar hidden
[2021.06.06-17.50.32:786][  0]LogSlate: Updating window title bar state: overlay mode, drag disabled, window buttons hidden, title bar hidden
[2021.06.06-17.50.32:795][  0]LogCollectionManager: Loaded 0 collections in 0.002123 seconds
[2021.06.06-17.50.32:865][  0]LogFileCache: Scanning file cache for directory 'D:/Github/SmallEscapeRoom/SmallEscapeRoom/SmallEscape/Saved/Collections/' took 0.01s
[2021.06.06-17.50.32:865][  0]LogFileCache: Scanning file cache for directory 'D:/Github/SmallEscapeRoom/SmallEscapeRoom/SmallEscape/Content/Developers/Pimmez/Collections/' took 0.01s
[2021.06.06-17.50.32:865][  0]LogFileCache: Scanning file cache for directory 'D:/Github/SmallEscapeRoom/SmallEscapeRoom/SmallEscape/Content/Collections/' took 0.01s
[2021.06.06-17.50.32:865][  0]LogCollectionManager: Rebuilt the GUID cache for 0 collections in 0.000001 seconds
[2021.06.06-17.50.32:881][  0]LogContentBrowser: Native class hierarchy populated in 0.0161 seconds. Added 2736 classes and 661 folders.
[2021.06.06-17.50.32:914][  0]LogContentBrowser: Native class hierarchy updated for 'WidgetCarousel' in 0.0010 seconds. Added 0 classes and 0 folders.
[2021.06.06-17.50.32:929][  0]LogPakFile: Registered encryption key '00000000000000000000000000000000': 0 pak files mounted, 0 remain pending
[2021.06.06-17.50.32:945][  0]LogPakFile: Registered encryption key '00000000000000000000000000000000': 0 pak files mounted, 0 remain pending
[2021.06.06-17.50.32:959][  0]LogPakFile: Registered encryption key '00000000000000000000000000000000': 0 pak files mounted, 0 remain pending
[2021.06.06-17.50.32:979][  0]LogPakFile: Registered encryption key '00000000000000000000000000000000': 0 pak files mounted, 0 remain pending
[2021.06.06-17.50.32:990][  0]LogPakFile: Registered encryption key '00000000000000000000000000000000': 0 pak files mounted, 0 remain pending
[2021.06.06-17.50.33:048][  0]LogPakFile: Registered encryption key '00000000000000000000000000000000': 0 pak files mounted, 0 remain pending
[2021.06.06-17.50.33:064][  0]LogPakFile: Registered encryption key '00000000000000000000000000000000': 0 pak files mounted, 0 remain pending
[2021.06.06-17.50.33:068][  0]LogPakFile: Registered encryption key '00000000000000000000000000000000': 0 pak files mounted, 0 remain pending
[2021.06.06-17.50.33:087][  0]LogPakFile: Registered encryption key '00000000000000000000000000000000': 0 pak files mounted, 0 remain pending
[2021.06.06-17.50.33:107][  0]LogPakFile: Registered encryption key '00000000000000000000000000000000': 0 pak files mounted, 0 remain pending
[2021.06.06-17.50.33:133][  0]LogPakFile: Registered encryption key '00000000000000000000000000000000': 0 pak files mounted, 0 remain pending
[2021.06.06-17.50.33:147][  0]LogPakFile: Registered encryption key '00000000000000000000000000000000': 0 pak files mounted, 0 remain pending
[2021.06.06-17.50.33:165][  0]LogPakFile: Registered encryption key '00000000000000000000000000000000': 0 pak files mounted, 0 remain pending
[2021.06.06-17.50.33:170][  0]LogPakFile: Registered encryption key '00000000000000000000000000000000': 0 pak files mounted, 0 remain pending
[2021.06.06-17.50.33:182][  0]LogPakFile: Registered encryption key '00000000000000000000000000000000': 0 pak files mounted, 0 remain pending
[2021.06.06-17.50.33:189][  0]LogPakFile: Registered encryption key '00000000000000000000000000000000': 0 pak files mounted, 0 remain pending
[2021.06.06-17.50.33:209][  0]LogPakFile: Registered encryption key '00000000000000000000000000000000': 0 pak files mounted, 0 remain pending
[2021.06.06-17.50.33:225][  0]LogPakFile: Registered encryption key '00000000000000000000000000000000': 0 pak files mounted, 0 remain pending
[2021.06.06-17.50.33:239][  0]LogPakFile: Registered encryption key '00000000000000000000000000000000': 0 pak files mounted, 0 remain pending
[2021.06.06-17.50.33:295][  0]LogPakFile: Registered encryption key '00000000000000000000000000000000': 0 pak files mounted, 0 remain pending
[2021.06.06-17.50.33:317][  0]LogPakFile: Registered encryption key '00000000000000000000000000000000': 0 pak files mounted, 0 remain pending
[2021.06.06-17.50.33:328][  0]LogPakFile: Registered encryption key '00000000000000000000000000000000': 0 pak files mounted, 0 remain pending
[2021.06.06-17.50.33:331][  0]LogPakFile: Registered encryption key '00000000000000000000000000000000': 0 pak files mounted, 0 remain pending
[2021.06.06-17.50.33:349][  0]LogPakFile: Registered encryption key '00000000000000000000000000000000': 0 pak files mounted, 0 remain pending
[2021.06.06-17.50.33:360][  0]LogPakFile: Registered encryption key '00000000000000000000000000000000': 0 pak files mounted, 0 remain pending
[2021.06.06-17.50.33:378][  0]LogPakFile: Registered encryption key '00000000000000000000000000000000': 0 pak files mounted, 0 remain pending
[2021.06.06-17.50.34:648][  0]LogContentBrowser: Native class hierarchy updated for 'AddContentDialog' in 0.0008 seconds. Added 0 classes and 0 folders.
[2021.06.06-17.50.34:696][  0]LogContentBrowser: Native class hierarchy updated for 'SceneOutliner' in 0.0010 seconds. Added 1 classes and 2 folders.
[2021.06.06-17.50.34:793][  0]LogContentBrowser: Native class hierarchy updated for 'WorldBrowser' in 0.0024 seconds. Added 2 classes and 3 folders.
[2021.06.06-17.50.37:342][  0]LogSlate: Only BGRA pngs, bmps or icos are supported in by External Image Picker
[2021.06.06-17.50.37:422][  0]LogSlate: Took 0.000553 seconds to synchronously load lazily loaded font '../../../Engine/Content/Slate/Fonts/Roboto-Regular.ttf' (155K)
[2021.06.06-17.50.38:426][  0]LogSlate: Took 0.001027 seconds to synchronously load lazily loaded font '../../../Engine/Content/Slate/Fonts/Roboto-Bold.ttf' (160K)
[2021.06.06-17.50.38:450][  0]LogSlate: Took 0.014918 seconds to synchronously load lazily loaded font '../../../Engine/Content/Editor/Slate/Fonts/FontAwesome.ttf' (139K)
[2021.06.06-17.50.38:601][  0]LogRenderer: Reallocating scene render targets to support 836x460 Format 10 NumSamples 1 (Frame:1).
[2021.06.06-17.50.38:767][  0]LogSlate: Took 0.000433 seconds to synchronously load lazily loaded font '../../../Engine/Content/Slate/Fonts/Roboto-Light.ttf' (167K)
[2021.06.06-17.50.39:131][  0]LogContentBrowser: Native class hierarchy updated for 'HierarchicalLODOutliner' in 0.0007 seconds. Added 0 classes and 0 folders.
[2021.06.06-17.50.39:132][  0]LogLoad: (Engine Initialization) Total time: 47.54 seconds
[2021.06.06-17.50.39:132][  0]LogLoad: (Engine Initialization) Total Blueprint compile time: 0.00 seconds
[2021.06.06-17.50.39:285][  0]LogContentStreaming: Texture pool size now 1000 MB
[2021.06.06-17.50.39:490][  1]LogAssetRegistry: Asset discovery search completed in 40.0945 seconds
[2021.06.06-17.50.39:494][  1]LogCollectionManager: Rebuilt the object cache for 0 collections in 0.000000 seconds (found 0 objects)
[2021.06.06-17.50.39:494][  1]LogCollectionManager: Fixed up redirectors for 0 collections in 0.000101 seconds (updated 0 objects)
[2021.06.06-17.52.10:805][  2]LogSlate: FSceneViewport::OnFocusLost() reason 0
[2021.06.06-17.52.10:853][  5]LogTemp: Repeating last play command: Selected Viewport
[2021.06.06-17.52.10:862][  5]LogBlueprintUserMessages: Early PlayInEditor Detection: Level '/Game/Levels/Level1.Level1:PersistentLevel' has LevelScriptBlueprint '/Game/Levels/Level1.Level1:PersistentLevel.Level1' with GeneratedClass '/Game/Levels/Level1.Level1_C' with ClassGeneratedBy '/Game/Levels/Level1.Level1:PersistentLevel.Level1'
[2021.06.06-17.52.10:862][  5]LogPlayLevel: PlayLevel: No blueprints needed recompiling
[2021.06.06-17.52.10:862][  5]PIE: New page: PIE session: Level1 (6 jun. 2021 21:52:10)
[2021.06.06-17.52.10:875][  5]LogPlayLevel: Creating play world package: /Game/Levels/UEDPIE_0_Level1
[2021.06.06-17.52.10:983][  5]LogPlayLevel: PIE: StaticDuplicateObject took: (0.108113s)
[2021.06.06-17.52.10:984][  5]LogAIModule: Creating AISystem for world Level1
[2021.06.06-17.52.10:984][  5]LogPlayLevel: PIE: World Init took: (0.000928s)
[2021.06.06-17.52.10:984][  5]LogPlayLevel: PIE: Created PIE world by copying editor world from /Game/Levels/Level1.Level1 to /Game/Levels/UEDPIE_0_Level1.Level1 (0.109374s)
[2021.06.06-17.52.11:010][  5]LogUObjectHash: Compacting FUObjectHashTables data took   1.22ms
[2021.06.06-17.52.11:027][  5]LogInit: XAudio2 using 'Luidsprekers / koptelefoons (Realtek Audio)' : 2 channels at 48 kHz using 32 bits per sample (channel mask 0x3)
[2021.06.06-17.52.11:121][  5]LogInit: FAudioDevice initialized.
[2021.06.06-17.52.11:300][  5]LogLoad: Game class is 'MyGameModeBase_C'
[2021.06.06-17.52.11:303][  5]LogWorld: Bringing World /Game/Levels/UEDPIE_0_Level1.Level1 up for play (max tick rate 60) at 2021.06.06-19.52.11
[2021.06.06-17.52.11:323][  5]LogWorld: Bringing up level for play took: 0.020854
[2021.06.06-17.52.11:360][  5]LogContentBrowser: Native class hierarchy updated for 'MovieSceneCapture' in 0.0008 seconds. Added 20 classes and 0 folders.
[2021.06.06-17.52.11:411][  5]LogTemp: Warning: Inputcomponent found on DefaultPawn_BP_C_0!
[2021.06.06-17.52.11:411][  5]PIE: Play in editor start time for /Game/Levels/UEDPIE_0_Level1 0,302
[2021.06.06-17.52.11:412][  5]LogBlueprintUserMessages: Late PlayInEditor Detection: Level '/Game/Levels/Level1.Level1:PersistentLevel' has LevelScriptBlueprint '/Game/Levels/Level1.Level1:PersistentLevel.Level1' with GeneratedClass '/Game/Levels/Level1.Level1_C' with ClassGeneratedBy '/Game/Levels/Level1.Level1:PersistentLevel.Level1'
[2021.06.06-17.52.41:198][772]LogBlueprintUserMessages: Early EndPlayMap Detection: Level '/Game/Levels/Level1.Level1:PersistentLevel' has LevelScriptBlueprint '/Game/Levels/Level1.Level1:PersistentLevel.Level1' with GeneratedClass '/Game/Levels/Level1.Level1_C' with ClassGeneratedBy '/Game/Levels/Level1.Level1:PersistentLevel.Level1'
[2021.06.06-17.52.41:199][772]LogSlate: Updating window title bar state: overlay mode, drag disabled, window buttons hidden, title bar hidden
[2021.06.06-17.52.41:227][772]LogPlayLevel: Display: Shutting down PIE online subsystems
[2021.06.06-17.52.41:228][772]LogBlueprintUserMessages: Late EndPlayMap Detection: Level '/Game/Levels/Level1.Level1:PersistentLevel' has LevelScriptBlueprint '/Game/Levels/Level1.Level1:PersistentLevel.Level1' with GeneratedClass '/Game/Levels/Level1.Level1_C' with ClassGeneratedBy '/Game/Levels/Level1.Level1:PersistentLevel.Level1'
[2021.06.06-17.52.41:256][772]LogSlate: Updating window title bar state: overlay mode, drag disabled, window buttons hidden, title bar hidden
[2021.06.06-17.52.41:260][772]LogUObjectHash: Compacting FUObjectHashTables data took   1.93ms
[2021.06.06-17.52.41:306][775]LogPlayLevel: Display: Destroying online subsystem :Context_2
[2021.06.06-17.53.01:244][969]LogEditorViewport: Clicking on Actor (LMB): StaticMeshActor (Floor)
[2021.06.06-17.53.12:256][575]Cmd: DELETE
[2021.06.06-17.53.12:256][575]Cmd: ACTOR DELETE
[2021.06.06-17.53.12:445][575]LogEditorActor: Deleted Actor: StaticMeshActor
[2021.06.06-17.53.12:483][575]LogUObjectHash: Compacting FUObjectHashTables data took   1.07ms
[2021.06.06-17.53.12:484][575]LogEditorActor: Deleted 1 Actors (0.087 secs)
[2021.06.06-17.53.13:487][634]LogSlate: FSceneViewport::OnFocusLost() reason 0
[2021.06.06-17.53.13:697][638]LogMaterial: Display: Missing cached shader map for material LayerVisMaterial, compiling. 
[2021.06.06-17.53.13:797][638]LogMaterial: Display: Missing cached shader map for material SelectBrushMaterial, compiling. 
[2021.06.06-17.53.13:839][638]LogShaderCompilers: Display: Shaders left to compile 20
[2021.06.06-17.53.13:839][638]LogShaderCompilers: Display: Shaders left to compile 10
[2021.06.06-17.53.13:839][638]LogMaterial: Display: Missing cached shader map for material SelectBrushMaterial, compiling. 
[2021.06.06-17.53.13:951][638]LogShaderCompilers: Display: Shaders left to compile 20
[2021.06.06-17.53.13:951][638]LogMaterial: Display: Missing cached shader map for material MaskBrushMaterial, compiling. 
[2021.06.06-17.53.14:214][638]LogMaterial: Display: Missing cached shader map for material LandscapeLayerUsageMaterial, compiling. 
[2021.06.06-17.53.14:552][638]LogMaterial: Display: Missing cached shader map for material CircleBrushMaterial, compiling. 
[2021.06.06-17.53.14:584][638]LogMaterial: Display: Missing cached shader map for material CircleBrushMaterial, compiling. 
[2021.06.06-17.53.14:630][638]LogMaterial: Display: Missing cached shader map for material CircleBrushMaterial, compiling. 
[2021.06.06-17.53.14:688][638]LogMaterial: Display: Missing cached shader map for material CircleBrushMaterial, compiling. 
[2021.06.06-17.53.14:779][638]LogMaterial: Display: Missing cached shader map for material AlphaBrushMaterial, compiling. 
[2021.06.06-17.53.14:820][638]LogMaterial: Display: Missing cached shader map for material CircleBrushMaterial, compiling. 
[2021.06.06-17.53.14:872][638]LogMaterial: Display: Missing cached shader map for material MaskBrushMaterial, compiling. 
[2021.06.06-17.53.14:939][638]LogTexture: Display: Building textures: Texture2D_2 (G8, 128X128)
[2021.06.06-17.53.21:222][978]Cmd: TRANSACTION UNDO
[2021.06.06-17.53.21:222][978]LogEditorTransaction: Undo Move Actors
[2021.06.06-17.53.21:393][978]LogSlate: Took 0.000425 seconds to synchronously load lazily loaded font '../../../Engine/Content/Slate/Fonts/Roboto-Light.ttf' (167K)
[2021.06.06-17.53.33:096][607]LogSlate: FSceneViewport::OnFocusLost() reason 2
[2021.06.06-17.54.13:208][937]LogSlate: FSceneViewport::OnFocusLost() reason 0
[2021.06.06-17.54.13:455][941]LogTexture: Display: Building textures: Texture2D_0 (BGRA8, 256X256)
[2021.06.06-17.54.13:463][941]LogMaterial: Display: Missing cached shader map for material WorldGridMaterial, compiling. Is special engine material.
[2021.06.06-17.54.21:919][941]LogShaderCompilers: Display: Shaders left to compile 110
[2021.06.06-17.54.21:919][941]LogShaderCompilers: Display: Shaders left to compile 100
[2021.06.06-17.54.21:919][941]LogShaderCompilers: Display: Shaders left to compile 90
[2021.06.06-17.54.21:919][941]LogShaderCompilers: Display: Shaders left to compile 80
[2021.06.06-17.54.21:919][941]LogShaderCompilers: Display: Shaders left to compile 70
[2021.06.06-17.54.21:919][941]LogShaderCompilers: Display: Shaders left to compile 60
[2021.06.06-17.54.21:919][941]LogShaderCompilers: Display: Shaders left to compile 50
[2021.06.06-17.54.21:919][941]LogShaderCompilers: Display: Shaders left to compile 40
[2021.06.06-17.54.21:919][941]LogShaderCompilers: Display: Shaders left to compile 30
[2021.06.06-17.54.21:919][941]LogShaderCompilers: Display: Shaders left to compile 20
[2021.06.06-17.54.21:919][941]LogShaderCompilers: Display: Shaders left to compile 10
[2021.06.06-17.54.30:189][405]LogSlate: FSceneViewport::OnFocusLost() reason 0
[2021.06.06-17.54.33:289][588]LogSlate: FSceneViewport::OnFocusLost() reason 0
[2021.06.06-17.54.38:083][873]LogSlate: FSceneViewport::OnFocusLost() reason 0
[2021.06.06-17.54.39:856][906]LogActorComponent: UnregisterComponent: (/Engine/Transient.SphereBrushComponent) Not registered. Aborting.
[2021.06.06-17.54.55:932][830]LogEditorViewport: Clicking on Actor (LMB): PointLight (PointLight)
[2021.06.06-17.54.59:463][ 27]Cmd: DELETE
[2021.06.06-17.54.59:463][ 27]Cmd: ACTOR DELETE
[2021.06.06-17.54.59:467][ 27]LogEditorActor: Deleted Actor: PointLight
[2021.06.06-17.54.59:495][ 27]LogUObjectHash: Compacting FUObjectHashTables data took   1.33ms
[2021.06.06-17.54.59:495][ 27]LogEditorActor: Deleted 1 Actors (0.032 secs)
[2021.06.06-17.55.22:693][340]LogEditorViewport: Clicking on Actor (LMB): SpotLight (Downlight)
[2021.06.06-17.55.37:708][189]LogEditorViewport: Clicking on Actor (LMB): BP_Sky_Sphere_C (Sky Sphere)
[2021.06.06-17.55.42:105][434]LogSlate: FSceneViewport::OnFocusLost() reason 0
[2021.06.06-17.55.42:172][438]LogTemp: Repeating last play command: Selected Viewport
[2021.06.06-17.55.42:181][438]LogBlueprintUserMessages: Early PlayInEditor Detection: Level '/Game/Levels/Level1.Level1:PersistentLevel' has LevelScriptBlueprint '/Game/Levels/Level1.Level1:PersistentLevel.Level1' with GeneratedClass '/Game/Levels/Level1.Level1_C' with ClassGeneratedBy '/Game/Levels/Level1.Level1:PersistentLevel.Level1'
[2021.06.06-17.55.42:181][438]LogPlayLevel: PlayLevel: No blueprints needed recompiling
[2021.06.06-17.55.42:181][438]PIE: New page: PIE session: Level1 (6 jun. 2021 21:55:42)
[2021.06.06-17.55.42:182][438]LogPlayLevel: Creating play world package: /Game/Levels/UEDPIE_0_Level1
[2021.06.06-17.55.42:212][438]LogPlayLevel: PIE: StaticDuplicateObject took: (0.030654s)
[2021.06.06-17.55.42:213][438]LogAIModule: Creating AISystem for world Level1
[2021.06.06-17.55.42:214][438]LogPlayLevel: PIE: World Init took: (0.001305s)
[2021.06.06-17.55.42:214][438]LogPlayLevel: PIE: Created PIE world by copying editor world from /Game/Levels/Level1.Level1 to /Game/Levels/UEDPIE_0_Level1.Level1 (0.032200s)
[2021.06.06-17.55.42:237][438]LogUObjectHash: Compacting FUObjectHashTables data took   1.01ms
[2021.06.06-17.55.42:253][438]LogInit: XAudio2 using 'Luidsprekers / koptelefoons (Realtek Audio)' : 2 channels at 48 kHz using 32 bits per sample (channel mask 0x3)
[2021.06.06-17.55.42:340][438]LogInit: FAudioDevice initialized.
[2021.06.06-17.55.42:371][438]LogLoad: Game class is 'MyGameModeBase_C'
[2021.06.06-17.55.42:374][438]LogWorld: Bringing World /Game/Levels/UEDPIE_0_Level1.Level1 up for play (max tick rate 60) at 2021.06.06-19.55.42
[2021.06.06-17.55.42:374][438]LogWorld: Bringing up level for play took: 0.001583
[2021.06.06-17.55.42:387][438]LogTemp: Warning: Inputcomponent found on DefaultPawn_BP_C_0!
[2021.06.06-17.55.42:387][438]PIE: Play in editor start time for /Game/Levels/UEDPIE_0_Level1 -0,722
[2021.06.06-17.55.42:387][438]LogBlueprintUserMessages: Late PlayInEditor Detection: Level '/Game/Levels/Level1.Level1:PersistentLevel' has LevelScriptBlueprint '/Game/Levels/Level1.Level1:PersistentLevel.Level1' with GeneratedClass '/Game/Levels/Level1.Level1_C' with ClassGeneratedBy '/Game/Levels/Level1.Level1:PersistentLevel.Level1'
[2021.06.06-17.56.19:327][632]LogBlueprintUserMessages: Early EndPlayMap Detection: Level '/Game/Levels/Level1.Level1:PersistentLevel' has LevelScriptBlueprint '/Game/Levels/Level1.Level1:PersistentLevel.Level1' with GeneratedClass '/Game/Levels/Level1.Level1_C' with ClassGeneratedBy '/Game/Levels/Level1.Level1:PersistentLevel.Level1'
[2021.06.06-17.56.19:327][632]LogSlate: Updating window title bar state: overlay mode, drag disabled, window buttons hidden, title bar hidden
[2021.06.06-17.56.19:365][632]LogPlayLevel: Display: Shutting down PIE online subsystems
[2021.06.06-17.56.19:365][632]LogBlueprintUserMessages: Late EndPlayMap Detection: Level '/Game/Levels/Level1.Level1:PersistentLevel' has LevelScriptBlueprint '/Game/Levels/Level1.Level1:PersistentLevel.Level1' with GeneratedClass '/Game/Levels/Level1.Level1_C' with ClassGeneratedBy '/Game/Levels/Level1.Level1:PersistentLevel.Level1'
[2021.06.06-17.56.19:396][632]LogSlate: Updating window title bar state: overlay mode, drag disabled, window buttons hidden, title bar hidden
[2021.06.06-17.56.19:400][632]LogUObjectHash: Compacting FUObjectHashTables data took   1.25ms
[2021.06.06-17.56.19:448][634]LogPlayLevel: Display: Destroying online subsystem :Context_4
[2021.06.06-17.56.20:032][669]LogEditorViewport: Clicking on Actor (LMB): StaticMeshActor (SphereTest)
[2021.06.06-17.56.23:076][849]LogSlate: FSceneViewport::OnFocusLost() reason 0
[2021.06.06-17.56.24:390][927]LogSlate: Took 0.000274 seconds to synchronously load lazily loaded font '../../../Engine/Content/Slate/Fonts/Roboto-Italic.ttf' (157K)
[2021.06.06-17.56.26:169][ 31]Cmd: DELETE
[2021.06.06-17.56.26:169][ 31]Cmd: ACTOR DELETE
[2021.06.06-17.56.26:173][ 31]LogEditorActor: Deleted Actor: StaticMeshActor
[2021.06.06-17.56.26:196][ 31]LogUObjectHash: Compacting FUObjectHashTables data took   0.67ms
[2021.06.06-17.56.26:197][ 31]LogEditorActor: Deleted 1 Actors (0.027 secs)
[2021.06.06-17.56.29:976][257]LogEditorViewport: Clicking on Actor (LMB): StaticMeshActor (Cube)
[2021.06.06-17.56.38:728][768]LogSlate: FSceneViewport::OnFocusLost() reason 0
[2021.06.06-17.56.38:778][771]MapCheck: New page: Map Check
[2021.06.06-17.56.38:796][771]Cmd: MAP REBUILD ALLVISIBLE
[2021.06.06-17.56.38:798][771]LogEditorServer: Rebuildmap Clear paths rebuilt
[2021.06.06-17.56.38:876][771]LogUObjectHash: Compacting FUObjectHashTables data took   1.46ms
[2021.06.06-17.56.38:913][771]LogMaterial: Display: Missing cached shader map for material DebugViewMode MaterialTexCoordScale, compiling. 
[2021.06.06-17.56.38:923][771]LogMaterial: Display: Missing cached shader map for material DebugViewMode MaterialTexCoordScale, compiling. 
[2021.06.06-17.56.38:937][771]LogMaterial: Display: Missing cached shader map for material DebugViewMode MaterialTexCoordScale, compiling. Is special engine material.
[2021.06.06-17.56.39:016][771]LogMaterial: Display: Missing cached shader map for material DebugViewMode MaterialTexCoordScale, compiling. 
[2021.06.06-17.56.39:039][771]LogMaterial: Display: Missing cached shader map for material DebugViewMode MaterialTexCoordScale, compiling. 
[2021.06.06-17.56.39:049][771]LogMaterial: Display: Missing cached shader map for material DebugViewMode MaterialTexCoordScale, compiling. 
[2021.06.06-17.56.39:057][771]LogMaterial: Display: Missing cached shader map for material DebugViewMode MaterialTexCoordScale, compiling. 
[2021.06.06-17.56.42:443][771]LogShaderCompilers: Display: Shaders left to compile 40
[2021.06.06-17.56.42:443][771]LogShaderCompilers: Display: Shaders left to compile 30
[2021.06.06-17.56.42:443][771]LogShaderCompilers: Display: Shaders left to compile 20
[2021.06.06-17.56.42:443][771]LogShaderCompilers: Display: Shaders left to compile 10
[2021.06.06-17.56.42:443][771]TextureStreamingBuild: Display: Compiling optional shaders took 3.537 seconds.
[2021.06.06-17.56.42:483][771]LogLevel: Display: Export Material TexCoord Scales took 0.039 seconds.
[2021.06.06-17.56.42:538][771]TextureStreamingBuild: Display: Build Texture Streaming took 0.056 seconds.
[2021.06.06-17.56.42:561][771]LogUObjectHash: Compacting FUObjectHashTables data took   0.56ms
[2021.06.06-17.56.42:561][771]LightingResults: New page: Lighting Build - 6 jun. 2021 21:56:42
[2021.06.06-17.56.42:713][771]LogSwarmInterface: [OpenConnection] Registering TCP channel ...
[2021.06.06-17.56.42:795][771]LogSwarmInterface: [OpenConnection] Connecting to agent ...
[2021.06.06-17.56.42:812][771]LogSwarmInterface: [TryOpenConnection] Testing the Agent
[2021.06.06-17.56.43:333][771]LogSwarmInterface: [TryOpenConnection] Opening Connection to Agent
[2021.06.06-17.56.43:333][771]LogSwarmInterface: [TryOpenConnection] Local Process ID is 17184
[2021.06.06-17.56.45:929][771]LogStaticLightingSystem: Warning: No importance volume found, so the scene bounding box was used.  You can optimize your scene's quality and lighting build times by adding importance volumes.
[2021.06.06-17.56.45:929][771]LogStaticLightingSystem: Running Lightmass w/ ImmediateImport mode ENABLED
[2021.06.06-17.56.45:930][771]LogStaticLightingSystem: Running Lightmass w/ ImmediateProcess mode ENABLED
[2021.06.06-17.56.45:930][771]LogStaticLightingSystem: Running Lightmass w/ Sorting mode ENABLED
[2021.06.06-17.56.45:930][771]LogStaticLightingSystem: Running Lightmass w/ Mapping paddings ENABLED
[2021.06.06-17.56.45:930][771]LogStaticLightingSystem: Running Lightmass w/ Mapping debug paddings DISABLED
[2021.06.06-17.56.46:095][771]Cmd: MAP CHECK DONTDISPLAYDIALOG
[2021.06.06-17.56.46:095][771]MapCheck: New page: Level1 - 6 jun. 2021 21:56:46
[2021.06.06-17.56.46:095][771]MapCheck: Error: WorldSettings_1 Maps need lighting rebuilt 
[2021.06.06-17.56.46:096][771]MapCheck: Map check complete: 1 Error(s), 0 Warning(s), took 0,775ms to complete.
[2021.06.06-17.56.46:119][771]LogEditorBuildUtils: Build time 0:07
[2021.06.06-17.56.46:223][772]LogMaterial: Display: Missing cached shader map for material FLightmassMaterialRenderer LandscapeMaterialInstanceConstant_1, compiling. Is special engine material.
[2021.06.06-17.56.46:235][772]LogMaterial: Display: Missing cached shader map for material FLightmassMaterialRenderer LandscapeMaterialInstanceConstant_1, compiling. Is special engine material.
[2021.06.06-17.56.48:109][807]LogUObjectHash: Compacting FUObjectHashTables data took   0.71ms
[2021.06.06-17.56.52:996][821]Job is a success!
[2021.06.06-17.56.53:419][822]LogVolumetricLightmapImport: Imported Volumetric Lightmap in 0.023s
[2021.06.06-17.56.53:419][822]LogVolumetricLightmapImport:      Indirection Texture 16x16x16 = 0.0Mb
[2021.06.06-17.56.53:419][822]LogVolumetricLightmapImport:      BrickData 500x5x5 = 0.4Mb
[2021.06.06-17.56.53:419][822]LogVolumetricLightmapImport:      Bricks at Level
[2021.06.06-17.56.53:419][822]LogVolumetricLightmapImport:          0: 1.0% covering 100.0% of volume
[2021.06.06-17.56.53:419][822]LogVolumetricLightmapImport:          1: 9.0% covering 14.1% of volume
[2021.06.06-17.56.53:419][822]LogVolumetricLightmapImport:          2: 90.0% covering 2.2% of volume
[2021.06.06-17.56.53:737][822]LogTexture: Display: Building textures: HQ_Lightmap1_1 (AutoDXT, 512X512)
[2021.06.06-17.56.53:737][822]LogTexture: Display: Building textures: LQ_Lightmap_1_1 (DXT1, 512X512)
[2021.06.06-17.56.53:737][822]LogTexture: Display: Building textures: HQ_Lightmap1_2 (AutoDXT, 512X512)
[2021.06.06-17.56.53:737][822]LogTexture: Display: Building textures: LQ_Lightmap_1_2 (DXT1, 512X512)
[2021.06.06-17.56.53:738][822]LogTexture: Display: Building textures: HQ_Lightmap1_3 (AutoDXT, 64X64)
[2021.06.06-17.56.53:738][822]LogTexture: Display: Building textures: LQ_Lightmap_1_3 (DXT1, 64X64)
[2021.06.06-17.56.53:780][822]LogTexture: Display: Building textures: ShadowMapTexture2D_5 (G8, 32X32)
[2021.06.06-17.56.53:780][822]LogTexture: Display: Building textures: ShadowMapTexture2D_4 (BGRA8, 64X256)
[2021.06.06-17.56.53:780][822]LogTexture: Display: Building textures: ShadowMapTexture2D_3 (BGRA8, 1024X128)
[2021.06.06-17.56.53:813][822]LogStaticLightingSystem: Level1_BuiltData storing lightmap data for 24 meshes in 3 LightmapResourceClusters (8.0 Meshes per cluster).
[2021.06.06-17.56.53:837][822]Lightmass on DESKTOP-F6IC33L: 4.96 sec total, 392 ms importing, 109 ms setup, 973 ms photons, 3.37 sec processing, 0 ms extra exporting [56/56 mappings]. Threads: 23.3 sec total, 6.38 sec processing.
[2021.06.06-17.56.53:839][822]LogUObjectHash: Compacting FUObjectHashTables data took   1.95ms
[2021.06.06-17.56.53:851][822]LogStaticLightingSystem: Illumination: 10.9 sec (204 ms encoding lightmaps, 39 ms encoding shadowmaps)
[2021.06.06-17.56.53:851][822]LogStaticLightingSystem: Lightmap texture memory:  1.0 MB (0.5 MB streaming, 0.5 MB non-streaming), 6 textures
[2021.06.06-17.56.53:851][822]LogStaticLightingSystem: Shadowmap texture memory: 0.8 MB (0.7 MB streaming, 0.1 MB non-streaming), 3 textures
[2021.06.06-17.56.53:939][822]DumpUnbuiltLightIteractions
[2021.06.06-17.56.53:939][822]Lights with unbuilt interactions: 0
[2021.06.06-17.56.53:939][822]
[2021.06.06-17.56.53:939][822]Primitives with unbuilt interactions: 0
[2021.06.06-17.56.54:098][823]Cmd: MAP CHECK NOTIFYRESULTS
[2021.06.06-17.56.54:098][823]MapCheck: New page: Level1 - 6 jun. 2021 21:56:54
[2021.06.06-17.56.54:099][823]MapCheck: Map check complete: 0 Error(s), 0 Warning(s), took 0,549ms to complete.
[2021.06.06-17.57.26:549][ 12]LogSlate: FSceneViewport::OnFocusLost() reason 0
[2021.06.06-17.57.31:528][307]LogSlate: FSceneViewport::OnFocusLost() reason 0
[2021.06.06-17.57.31:589][310]LogVSAccessor: Warning: Couldn't access Visual Studio
[2021.06.06-17.57.31:593][310]Candidate modules for hot reload:
[2021.06.06-17.57.31:593][310]  BuildingEscape
[2021.06.06-17.57.31:593][310]Launching UnrealBuildTool... [D:/Program Files/Epic Games/Games/UE_4.22/Engine/Binaries/DotNET/UnrealBuildTool.exe  -ModuleWithSuffix=BuildingEscape,4902 Win64 Development -TargetType=Editor -Project="D:/Github/SmallEscapeRoom/SmallEscapeRoom/SmallEscape/BuildingEscape.uproject" "D:/Github/SmallEscapeRoom/SmallEscapeRoom/SmallEscape/BuildingEscape.uproject"  -IgnoreJunk]
[2021.06.06-17.57.31:595][310]Warning: Starting HotReload took  0.0s.
[2021.06.06-17.57.39:163][756]LogUnrealEdMisc: Warning: Heartbeat event firing too frequently (52.948 sec). This should never happen. Something is wrong with the timer delegate!
[2021.06.06-17.58.04:149][872]LogSlate: FSceneViewport::OnFocusLost() reason 0
[2021.06.06-17.58.22:673][980]CompilerResultsLog: New page: Compilation - 6 jun. 2021 21:58:22
[2021.06.06-17.58.22:673][980]CompilerResultsLog: Using 'git status' to determine working set for adaptive non-unity build (D:\Github\SmallEscapeRoom\SmallEscapeRoom).
[2021.06.06-17.58.22:673][980]CompilerResultsLog: Creating makefile for BuildingEscapeEditor (ini files are newer than makefile)
[2021.06.06-17.58.22:673][980]CompilerResultsLog: Parsing headers for BuildingEscapeEditor
[2021.06.06-17.58.22:673][980]CompilerResultsLog:   Running UnrealHeaderTool "D:\Github\SmallEscapeRoom\SmallEscapeRoom\SmallEscape\BuildingEscape.uproject" "D:\Github\SmallEscapeRoom\SmallEscapeRoom\SmallEscape\Intermediate\Build\Win64\BuildingEscapeEditor\Development\BuildingEscapeEditor.uhtmanifest" -LogCmds="loginit warning, logexit warning, logdatabase error" -Unattended -WarningsAsErrors -installed
[2021.06.06-17.58.22:673][980]CompilerResultsLog: Reflection code generated for BuildingEscapeEditor in 10,8942917 seconds
[2021.06.06-17.58.22:673][980]CompilerResultsLog: Using Visual Studio 2019 14.27.29110 toolchain (C:\Program Files (x86)\Microsoft Visual Studio\2019\Community\VC\Tools\MSVC\14.27.29110) and Windows 10.0.18362.0 SDK (C:\Program Files (x86)\Windows Kits\10).
[2021.06.06-17.58.22:673][980]CompilerResultsLog: Building 14 actions with 8 processes...
[2021.06.06-17.58.22:673][980]CompilerResultsLog:   [1/14] SharedPCH.Engine.cpp
[2021.06.06-17.58.22:673][980]CompilerResultsLog:   [2/14] BuildingEscape.init.gen.cpp
[2021.06.06-17.58.22:673][980]CompilerResultsLog:   [3/14] WorldPosition.cpp
[2021.06.06-17.58.22:673][980]CompilerResultsLog:   [4/14] OpenDoor.gen.cpp
[2021.06.06-17.58.22:673][980]CompilerResultsLog:   [5/14] BuildingEscapeGameModeBase.cpp
[2021.06.06-17.58.22:673][980]CompilerResultsLog:   [6/14] OpenDoor.cpp
[2021.06.06-17.58.22:673][980]CompilerResultsLog:   [7/14] Grabber.gen.cpp
[2021.06.06-17.58.22:674][980]CompilerResultsLog:   [8/14] Grabber.cpp
[2021.06.06-17.58.22:674][980]CompilerResultsLog:   [9/14] BuildingEscapeGameModeBase.gen.cpp
[2021.06.06-17.58.22:674][980]CompilerResultsLog:   [10/14] BuildingEscape.cpp
[2021.06.06-17.58.22:674][980]CompilerResultsLog:   [11/14] WorldPosition.gen.cpp
[2021.06.06-17.58.22:674][980]CompilerResultsLog:   [12/14] UE4Editor-BuildingEscape-4902.lib
[2021.06.06-17.58.22:674][980]CompilerResultsLog:      Creating library D:\Github\SmallEscapeRoom\SmallEscapeRoom\SmallEscape\Intermediate\Build\Win64\UE4Editor\Development\BuildingEscape\UE4Editor-BuildingEscape-4902.lib and object D:\Github\SmallEscapeRoom\SmallEscapeRoom\SmallEscape\Intermediate\Build\Win64\UE4Editor\Development\BuildingEscape\UE4Editor-BuildingEscape-4902.exp
[2021.06.06-17.58.22:674][980]CompilerResultsLog:   [13/14] UE4Editor-BuildingEscape-4902.dll
[2021.06.06-17.58.22:674][980]CompilerResultsLog:      Creating library D:\Github\SmallEscapeRoom\SmallEscapeRoom\SmallEscape\Intermediate\Build\Win64\UE4Editor\Development\BuildingEscape\UE4Editor-BuildingEscape-4902.suppressed.lib and object D:\Github\SmallEscapeRoom\SmallEscapeRoom\SmallEscape\Intermediate\Build\Win64\UE4Editor\Development\BuildingEscape\UE4Editor-BuildingEscape-4902.suppressed.exp
[2021.06.06-17.58.22:674][980]CompilerResultsLog:   [14/14] BuildingEscapeEditor.target
[2021.06.06-17.58.22:674][980]CompilerResultsLog: Total time in Parallel executor: 36,39 seconds
[2021.06.06-17.58.22:674][980]CompilerResultsLog: Total execution time: 50,92 seconds
[2021.06.06-17.58.22:674][980]LogMainFrame: MainFrame: Module compiling took 51.085 seconds
[2021.06.06-17.58.22:699][980]LogUObjectHash: Compacting FUObjectHashTables data took   1.84ms
[2021.06.06-17.58.22:742][980]LogContentBrowser: Native class hierarchy updated for 'BuildingEscape' in 0.0005 seconds. Added 4 classes and 2 folders.
[2021.06.06-17.58.22:745][980]Display: HotReload successful (0 functions remapped  0 scriptstructs remapped)
[2021.06.06-17.58.22:860][980]LogUObjectHash: Compacting FUObjectHashTables data took   1.48ms
[2021.06.06-17.58.22:874][980]LogContentBrowser: Native class hierarchy populated in 0.0094 seconds. Added 2739 classes and 666 folders.
[2021.06.06-17.58.22:876][980]Display: HotReload took 51.3s.
[2021.06.06-17.58.44:508][180]LogSlate: FSceneViewport::OnFocusLost() reason 2
[2021.06.06-17.58.44:523][180]Cmd: OBJ SAVEPACKAGE PACKAGE="/Game/Levels/Level1" FILE="../../../../../../../Github/SmallEscapeRoom/SmallEscapeRoom/SmallEscape/Content/Levels/Level1.umap" SILENT=true AUTOSAVING=false KEEPDIRTY=false
[2021.06.06-17.58.44:549][180]LogUObjectHash: Compacting FUObjectHashTables data took   0.66ms
[2021.06.06-17.58.44:972][180]LogSavePackage: Moving '../../../../../../../Github/SmallEscapeRoom/SmallEscapeRoom/SmallEscape/Saved/Level18A4CAAA14B809450C332A183FF57A439.tmp' to '../../../../../../../Github/SmallEscapeRoom/SmallEscapeRoom/SmallEscape/Content/Levels/Level1.umap'
[2021.06.06-17.58.44:993][180]Cmd: OBJ SAVEPACKAGE PACKAGE="/Game/Levels/Level1_BuiltData" FILE="../../../../../../../Github/SmallEscapeRoom/SmallEscapeRoom/SmallEscape/Content/Levels/Level1_BuiltData.uasset" SILENT=true
[2021.06.06-17.58.45:047][180]LogSavePackage: Moving '../../../../../../../Github/SmallEscapeRoom/SmallEscapeRoom/SmallEscape/Saved/Level1_BuiltData5FB5848A4156535FE3907884C74C5C1D.tmp' to '../../../../../../../Github/SmallEscapeRoom/SmallEscapeRoom/SmallEscape/Content/Levels/Level1_BuiltData.uasset'
[2021.06.06-17.58.59:673][403]LogSlate: FSceneViewport::OnFocusLost() reason 0
[2021.06.06-18.04.58:428][665]LogSlate: FSceneViewport::OnFocusLost() reason 0
[2021.06.06-18.09.39:053][252]LogSlate: FSceneViewport::OnFocusLost() reason 0
[2021.06.06-18.17.42:573][771]LogInit: XAudio2 using 'Oortelefoon van hoofdtelefoon (HyperX 7.1 Audio)' : 2 channels at 48 kHz using 16 bits per sample (channel mask 0x3)
[2021.06.06-18.19.46:712][142]LogSlate: FSceneViewport::OnFocusLost() reason 0
[2021.06.06-18.24.15:914][ 52]LogSlate: FSceneViewport::OnFocusLost() reason 0
[2021.06.06-18.24.42:736][674]LogSlate: FSceneViewport::OnFocusLost() reason 0
[2021.06.06-18.24.44:997][798]LogAssetEditorManager: Opening Asset editor for Blueprint /Game/Blueprints/DefaultPawn_BP.DefaultPawn_BP
[2021.06.06-18.24.46:318][798]LogContentBrowser: Native class hierarchy updated for 'BlueprintGraph' in 0.0008 seconds. Added 121 classes and 0 folders.
[2021.06.06-18.24.48:588][798]LogSlate: Took 0.000214 seconds to synchronously load lazily loaded font '../../../Engine/Content/Slate/Fonts/Roboto-BoldCondensed.ttf' (158K)
[2021.06.06-18.24.52:405][  3]LogRenderer: Reallocating scene render targets to support 900x536 Format 10 NumSamples 1 (Frame:1).
[2021.06.06-18.24.59:207][385]LogSlate: FSceneViewport::OnFocusLost() reason 0
[2021.06.06-18.25.02:591][576]LogSlate: FSceneViewport::OnFocusLost() reason 0
[2021.06.06-18.26.20:295][261]LogSlate: FSceneViewport::OnFocusLost() reason 0
[2021.06.06-18.26.23:035][409]LogAssetEditorManager: Opening Asset editor for Class /Script/BuildingEscape.Grabber
[2021.06.06-18.37.01:147][268]LogAudio: Warning: Current Audio Device with ID {0.0.0.00000000}.{1d6418d4-cf96-46ad-a3f8-0e0f1ff502fc} was removed. Shutting down audio device.
[2021.06.06-18.37.01:147][268]LogInit: XAudio2 using 'Luidsprekers / koptelefoons (Realtek Audio)' : 2 channels at 48 kHz using 32 bits per sample (channel mask 0x3)
[2021.06.06-18.46.37:383][ 74]LogSlate: FSceneViewport::OnFocusLost() reason 0
[2021.06.06-18.49.56:046][779]LogSlate: FSceneViewport::OnFocusLost() reason 2
[2021.06.06-18.49.56:580][800]LogSlate: FSceneViewport::OnFocusLost() reason 2
[2021.06.06-18.49.56:751][801]LogSlate: FSceneViewport::OnFocusLost() reason 2
[2021.06.06-18.49.56:878][808]LogSlate: FSceneViewport::OnFocusLost() reason 2
[2021.06.06-18.49.57:523][846]LogSlate: FSceneViewport::OnFocusLost() reason 2
[2021.06.06-18.50.02:887][ 25]LogUObjectHash: Compacting FUObjectHashTables data took   4.69ms
[2021.06.06-18.50.22:169][ 25]LogBlueprintActionDatabase: Requesting refresh due to module change: UATHelper (loaded)
[2021.06.06-18.50.22:826][ 25]UATHelper: Packaging (Windows (64-bit)): Running AutomationTool...
[2021.06.06-18.50.23:514][ 61]UATHelper: Packaging (Windows (64-bit)): Parsing command line: -ScriptsForProject=D:/Github/SmallEscapeRoom/SmallEscapeRoom/SmallEscape/BuildingEscape.uproject BuildCookRun -nocompile -nocompileeditor -installed -nop4 -project=D:/Github/SmallEscapeRoom/SmallEscapeRoom/SmallEscape/BuildingEscape.uproject -cook -stage -archive -archivedirectory=C:/Users/Pimmez/Desktop/SmallEscapeRoom -package -clientconfig=Development -ue4exe="D:\Program Files\Epic Games\Games\UE_4.22\Engine\Binaries\Win64\UE4Editor-Cmd.exe" -pak -prereqs -nodebuginfo -targetplatform=Win64 -build -utf8output
[2021.06.06-18.50.24:484][ 81]UATHelper: Packaging (Windows (64-bit)): Setting up ProjectParams for D:\Github\SmallEscapeRoom\SmallEscapeRoom\SmallEscape\BuildingEscape.uproject
[2021.06.06-18.50.27:505][ 90]UATHelper: Packaging (Windows (64-bit)): ********** BUILD COMMAND STARTED **********
[2021.06.06-18.50.27:505][ 90]UATHelper: Packaging (Windows (64-bit)): Running: D:\Program Files\Epic Games\Games\UE_4.22\Engine\Binaries\DotNET\UnrealBuildTool.exe BuildingEscape Win64 Development -Project=D:\Github\SmallEscapeRoom\SmallEscapeRoom\SmallEscape\BuildingEscape.uproject  D:\Github\SmallEscapeRoom\SmallEscapeRoom\SmallEscape\BuildingEscape.uproject -NoUBTMakefiles  -remoteini="D:\Github\SmallEscapeRoom\SmallEscapeRoom\SmallEscape" -skipdeploy -Manifest=D:\Github\SmallEscapeRoom\SmallEscapeRoom\SmallEscape\Intermediate\Build\Manifest.xml -NoHotReload -log="C:\Users\Pimmez\AppData\Roaming\Unreal Engine\AutomationTool\Logs\D+Program+Files+Epic+Games+Games+UE_4.22\UBT-BuildingEscape-Win64-Development.txt"
[2021.06.06-18.50.28:514][ 93]UATHelper: Packaging (Windows (64-bit)):   Using 'git status' to determine working set for adaptive non-unity build (D:\Github\SmallEscapeRoom\SmallEscapeRoom).
[2021.06.06-18.50.44:268][140]UATHelper: Packaging (Windows (64-bit)):   Parsing headers for BuildingEscape
[2021.06.06-18.50.44:269][140]UATHelper: Packaging (Windows (64-bit)):     Running UnrealHeaderTool "D:\Github\SmallEscapeRoom\SmallEscapeRoom\SmallEscape\BuildingEscape.uproject" "D:\Github\SmallEscapeRoom\SmallEscapeRoom\SmallEscape\Intermediate\Build\Win64\BuildingEscape\Development\BuildingEscape.uhtmanifest" -LogCmds="loginit warning, logexit warning, logdatabase error" -Unattended -WarningsAsErrors -installed
[2021.06.06-18.51.20:891][256]UATHelper: Packaging (Windows (64-bit)):   Reflection code generated for BuildingEscape in 36,6393678 seconds
[2021.06.06-18.51.22:564][261]UATHelper: Packaging (Windows (64-bit)):   Writing manifest to D:\Github\SmallEscapeRoom\SmallEscapeRoom\SmallEscape\Intermediate\Build\Manifest.xml
[2021.06.06-18.51.22:897][262]UATHelper: Packaging (Windows (64-bit)):   Using Visual Studio 2019 14.27.29110 toolchain (C:\Program Files (x86)\Microsoft Visual Studio\2019\Community\VC\Tools\MSVC\14.27.29110) and Windows 10.0.18362.0 SDK (C:\Program Files (x86)\Windows Kits\10).
[2021.06.06-18.51.22:898][262]UATHelper: Packaging (Windows (64-bit)):   Building 14 actions with 8 processes...
[2021.06.06-18.51.23:240][263]UATHelper: Packaging (Windows (64-bit)):     [1/14] Default.rc2
[2021.06.06-18.51.48:665][339]UATHelper: Packaging (Windows (64-bit)):     [2/14] SharedPCH.Engine.cpp
[2021.06.06-18.51.50:682][345]UATHelper: Packaging (Windows (64-bit)):     [3/14] WorldPosition.cpp
[2021.06.06-18.51.50:683][345]UATHelper: Packaging (Windows (64-bit)):     [4/14] BuildingEscape.init.gen.cpp
[2021.06.06-18.51.51:021][346]UATHelper: Packaging (Windows (64-bit)):     [5/14] BuildingEscapeGameModeBase.cpp
[2021.06.06-18.51.52:358][350]UATHelper: Packaging (Windows (64-bit)):     [6/14] Grabber.gen.cpp
[2021.06.06-18.51.52:699][351]UATHelper: Packaging (Windows (64-bit)):     [7/14] OpenDoor.gen.cpp
[2021.06.06-18.51.52:700][351]UATHelper: Packaging (Windows (64-bit)):     [8/14] OpenDoor.cpp
[2021.06.06-18.51.53:032][352]UATHelper: Packaging (Windows (64-bit)):     [9/14] BuildingEscapeGameModeBase.gen.cpp
[2021.06.06-18.51.53:032][352]UATHelper: Packaging (Windows (64-bit)):     [10/14] Grabber.cpp
[2021.06.06-18.51.53:372][353]UATHelper: Packaging (Windows (64-bit)):     [11/14] BuildingEscape.cpp
[2021.06.06-18.51.53:372][353]UATHelper: Packaging (Windows (64-bit)):     [12/14] WorldPosition.gen.cpp
